<?xml version="1.0" encoding="UTF-8"?>
<!-- Generated by org.testng.reporters.JUnitXMLReporter -->
<testsuite ignored="0" hostname="QT-INBG-LT0414" failures="5" tests="81" name="automation" time="601.364" errors="0" timestamp="2022-09-19T16:46:35 IST">
  <testcase classname="page.Sign_Up" name="Com" time="10.627"/>
  <testcase classname="page.Sign_Up" name="Com" time="6.774"/>
  <testcase classname="page.Sign_Up" name="Com" time="6.812"/>
  <testcase classname="page.Sign_Up" name="Com" time="7.506"/>
  <testcase classname="page.Sign_Up" name="Com" time="6.962"/>
  <testcase classname="page.Sign_Up" name="Com" time="6.719"/>
  <testcase classname="page.Sign_Up" name="Com" time="6.611"/>
  <testcase classname="page.Sign_Up" name="Com" time="7.327"/>
  <testcase classname="page.Sign_Up" name="Com" time="6.866"/>
  <testcase classname="page.Sign_Up" name="Com" time="8.203"/>
  <testcase classname="page.Sign_Up" name="Com" time="6.821"/>
  <testcase classname="page.Sign_Up" name="Com" time="6.723"/>
  <testcase classname="page.Sign_Up" name="Com" time="3.548">
    <failure type="org.openqa.selenium.NoAlertPresentException" message="no such alert
  (Session info: chrome=105.0.5195.127)
Build info: version: &amp;apos;4.4.0&amp;apos;, revision: &amp;apos;e5c75ed026a&amp;apos;
System info: host: &amp;apos;QT-INBG-LT0414&amp;apos;, ip: &amp;apos;10.20.15.63&amp;apos;, os.name: &amp;apos;Windows 10&amp;apos;, os.arch: &amp;apos;amd64&amp;apos;, os.version: &amp;apos;10.0&amp;apos;, java.version: &amp;apos;17.0.4&amp;apos;
Driver info: org.openqa.selenium.chrome.ChromeDriver
Command: [90cb9fb9d67d49077afcaf4b459bf5f6, getAlertText {}]
Capabilities {acceptInsecureCerts: false, browserName: chrome, browserVersion: 105.0.5195.127, chrome: {chromedriverVersion: 105.0.5195.52 (412c95e51883..., userDataDir: C:\Users\KOMATI~1.LAK\AppDa...}, goog:chromeOptions: {debuggerAddress: localhost:54680}, networkConnectionEnabled: false, pageLoadStrategy: normal, platformName: WINDOWS, proxy: Proxy(), se:cdp: ws://localhost:54680/devtoo..., se:cdpVersion: 105.0.5195.127, setWindowRect: true, strictFileInteractability: false, timeouts: {implicit: 0, pageLoad: 300000, script: 30000}, unhandledPromptBehavior: dismiss and notify, webauthn:extension:credBlob: true, webauthn:extension:largeBlob: true, webauthn:virtualAuthenticators: true}
Session ID: 90cb9fb9d67d49077afcaf4b459bf5f6">
      <![CDATA[org.openqa.selenium.NoAlertPresentException: no such alert
  (Session info: chrome=105.0.5195.127)
Build info: version: '4.4.0', revision: 'e5c75ed026a'
System info: host: 'QT-INBG-LT0414', ip: '10.20.15.63', os.name: 'Windows 10', os.arch: 'amd64', os.version: '10.0', java.version: '17.0.4'
Driver info: org.openqa.selenium.chrome.ChromeDriver
Command: [90cb9fb9d67d49077afcaf4b459bf5f6, getAlertText {}]
Capabilities {acceptInsecureCerts: false, browserName: chrome, browserVersion: 105.0.5195.127, chrome: {chromedriverVersion: 105.0.5195.52 (412c95e51883..., userDataDir: C:\Users\KOMATI~1.LAK\AppDa...}, goog:chromeOptions: {debuggerAddress: localhost:54680}, networkConnectionEnabled: false, pageLoadStrategy: normal, platformName: WINDOWS, proxy: Proxy(), se:cdp: ws://localhost:54680/devtoo..., se:cdpVersion: 105.0.5195.127, setWindowRect: true, strictFileInteractability: false, timeouts: {implicit: 0, pageLoad: 300000, script: 30000}, unhandledPromptBehavior: dismiss and notify, webauthn:extension:credBlob: true, webauthn:extension:largeBlob: true, webauthn:virtualAuthenticators: true}
Session ID: 90cb9fb9d67d49077afcaf4b459bf5f6
at org.openqa.selenium.remote.codec.w3c.W3CHttpResponseCodec.createException(W3CHttpResponseCodec.java:200)
at org.openqa.selenium.remote.codec.w3c.W3CHttpResponseCodec.decode(W3CHttpResponseCodec.java:133)
at org.openqa.selenium.remote.codec.w3c.W3CHttpResponseCodec.decode(W3CHttpResponseCodec.java:53)
at org.openqa.selenium.remote.HttpCommandExecutor.execute(HttpCommandExecutor.java:184)
at org.openqa.selenium.remote.service.DriverCommandExecutor.invokeExecute(DriverCommandExecutor.java:167)
at org.openqa.selenium.remote.service.DriverCommandExecutor.execute(DriverCommandExecutor.java:142)
at org.openqa.selenium.remote.RemoteWebDriver.execute(RemoteWebDriver.java:547)
at org.openqa.selenium.remote.RemoteWebDriver.execute(RemoteWebDriver.java:602)
at org.openqa.selenium.remote.RemoteWebDriver.execute(RemoteWebDriver.java:606)
at org.openqa.selenium.remote.RemoteWebDriver$RemoteTargetLocator.alert(RemoteWebDriver.java:1128)
at page.Sign_Up.Com(Sign_Up.java:29)
at java.base/java.util.ArrayList.forEach(ArrayList.java:1511)
... Removed 32 stack frames]]>
    </failure>
  </testcase> <!-- Com -->
  <testcase classname="page.Sign_Up" name="Com" time="7.306"/>
  <testcase classname="page.Sign_Up" name="Com" time="7.69"/>
  <testcase classname="page.Sign_Up" name="Com" time="7.725"/>
  <testcase classname="page.Sign_Up" name="Com" time="7.086"/>
  <testcase classname="page.Sign_Up" name="Com" time="7.343"/>
  <testcase classname="page.Sign_Up" name="Com" time="6.97"/>
  <testcase classname="page.Sign_Up" name="Com" time="8.464"/>
  <testcase classname="page.Sign_Up" name="Com" time="8.071"/>
  <testcase classname="page.Sign_Up" name="Com" time="7.271"/>
  <testcase classname="page.Sign_in" name="signin" time="5.278"/>
  <testcase classname="page.Sign_in" name="signin" time="6.416"/>
  <testcase classname="page.Sign_in" name="signin" time="8.358"/>
  <testcase classname="page.Sign_in" name="signin" time="6.572"/>
  <testcase classname="page.Sign_in" name="signin" time="6.412"/>
  <testcase classname="page.Contact" name="login" time="6.59"/>
  <testcase classname="page.Contact" name="login" time="7.094"/>
  <testcase classname="page.Contact" name="login" time="5.9"/>
  <testcase classname="page.Contact" name="login" time="4.968"/>
  <testcase classname="page.Contact" name="login" time="4.27"/>
  <testcase classname="page.Contact" name="login" time="5.211"/>
  <testcase classname="page.Contact" name="login" time="4.949"/>
  <testcase classname="page.Contact" name="login" time="5.108"/>
  <testcase classname="page.Contact" name="login" time="5.471"/>
  <testcase classname="page.Contact" name="login" time="4.836"/>
  <testcase classname="page.Contact" name="login" time="5.031"/>
  <testcase classname="page.Contact" name="login" time="4.905"/>
  <testcase classname="page.Contact" name="login" time="4.257"/>
  <testcase classname="page.Sign_upp" name="register" time="4.353"/>
  <testcase classname="page.Sign_upp" name="register" time="4.395"/>
  <testcase classname="page.Sign_upp" name="register" time="4.649"/>
  <testcase classname="page.Sign_upp" name="register" time="6.412"/>
  <testcase classname="page.Sign_upp" name="register" time="5.81"/>
  <testcase classname="page.Sign_upp" name="register" time="6.12"/>
  <testcase classname="page.Sign_upp" name="register" time="5.825"/>
  <testcase classname="page.Sign_upp" name="register" time="5.744"/>
  <testcase classname="page.Sign_upp" name="register" time="5.579"/>
  <testcase classname="page.Sign_upp" name="register" time="5.969"/>
  <testcase classname="page.Sign_upp" name="register" time="4.852"/>
  <testcase classname="page.Sign_upp" name="register" time="5.918"/>
  <testcase classname="page.Sign_upp" name="register" time="7.043"/>
  <testcase classname="page.Sign_upp" name="register" time="8.569"/>
  <testcase classname="page.Sign_upp" name="register" time="8.81"/>
  <testcase classname="page.Sign_upp" name="register" time="10.963"/>
  <testcase classname="page.Sign_upp" name="register" time="9.982"/>
  <testcase classname="page.Sign_upp" name="register" time="6.777">
    <failure type="org.openqa.selenium.NoSuchWindowException" message="no such window: target window already closed
from unknown error: web view not found
  (Session info: chrome=105.0.5195.127)
Build info: version: &amp;apos;4.4.0&amp;apos;, revision: &amp;apos;e5c75ed026a&amp;apos;
System info: host: &amp;apos;QT-INBG-LT0414&amp;apos;, ip: &amp;apos;10.20.15.63&amp;apos;, os.name: &amp;apos;Windows 10&amp;apos;, os.arch: &amp;apos;amd64&amp;apos;, os.version: &amp;apos;10.0&amp;apos;, java.version: &amp;apos;17.0.4&amp;apos;
Driver info: org.openqa.selenium.chrome.ChromeDriver
Command: [52cb1381b3686f748c9703e2c172085f, findElement {using=xpath, value=//*[text()=&amp;apos;SIGN IN&amp;apos;]}]
Capabilities {acceptInsecureCerts: false, browserName: chrome, browserVersion: 105.0.5195.127, chrome: {chromedriverVersion: 105.0.5195.52 (412c95e51883..., userDataDir: C:\Users\KOMATI~1.LAK\AppDa...}, goog:chromeOptions: {debuggerAddress: localhost:56343}, networkConnectionEnabled: false, pageLoadStrategy: normal, platformName: WINDOWS, proxy: Proxy(), se:cdp: ws://localhost:56343/devtoo..., se:cdpVersion: 105.0.5195.127, setWindowRect: true, strictFileInteractability: false, timeouts: {implicit: 0, pageLoad: 300000, script: 30000}, unhandledPromptBehavior: dismiss and notify, webauthn:extension:credBlob: true, webauthn:extension:largeBlob: true, webauthn:virtualAuthenticators: true}
Session ID: 52cb1381b3686f748c9703e2c172085f">
      <![CDATA[org.openqa.selenium.NoSuchWindowException: no such window: target window already closed
from unknown error: web view not found
  (Session info: chrome=105.0.5195.127)
Build info: version: '4.4.0', revision: 'e5c75ed026a'
System info: host: 'QT-INBG-LT0414', ip: '10.20.15.63', os.name: 'Windows 10', os.arch: 'amd64', os.version: '10.0', java.version: '17.0.4'
Driver info: org.openqa.selenium.chrome.ChromeDriver
Command: [52cb1381b3686f748c9703e2c172085f, findElement {using=xpath, value=//*[text()='SIGN IN']}]
Capabilities {acceptInsecureCerts: false, browserName: chrome, browserVersion: 105.0.5195.127, chrome: {chromedriverVersion: 105.0.5195.52 (412c95e51883..., userDataDir: C:\Users\KOMATI~1.LAK\AppDa...}, goog:chromeOptions: {debuggerAddress: localhost:56343}, networkConnectionEnabled: false, pageLoadStrategy: normal, platformName: WINDOWS, proxy: Proxy(), se:cdp: ws://localhost:56343/devtoo..., se:cdpVersion: 105.0.5195.127, setWindowRect: true, strictFileInteractability: false, timeouts: {implicit: 0, pageLoad: 300000, script: 30000}, unhandledPromptBehavior: dismiss and notify, webauthn:extension:credBlob: true, webauthn:extension:largeBlob: true, webauthn:virtualAuthenticators: true}
Session ID: 52cb1381b3686f748c9703e2c172085f
at org.openqa.selenium.remote.codec.w3c.W3CHttpResponseCodec.createException(W3CHttpResponseCodec.java:200)
at org.openqa.selenium.remote.codec.w3c.W3CHttpResponseCodec.decode(W3CHttpResponseCodec.java:133)
at org.openqa.selenium.remote.codec.w3c.W3CHttpResponseCodec.decode(W3CHttpResponseCodec.java:53)
at org.openqa.selenium.remote.HttpCommandExecutor.execute(HttpCommandExecutor.java:184)
at org.openqa.selenium.remote.service.DriverCommandExecutor.invokeExecute(DriverCommandExecutor.java:167)
at org.openqa.selenium.remote.service.DriverCommandExecutor.execute(DriverCommandExecutor.java:142)
at org.openqa.selenium.remote.RemoteWebDriver.execute(RemoteWebDriver.java:547)
at org.openqa.selenium.remote.ElementLocation$ElementFinder$2.findElement(ElementLocation.java:162)
at org.openqa.selenium.remote.ElementLocation.findElement(ElementLocation.java:60)
at org.openqa.selenium.remote.RemoteWebDriver.findElement(RemoteWebDriver.java:365)
at org.openqa.selenium.remote.RemoteWebDriver.findElement(RemoteWebDriver.java:357)
at org.openqa.selenium.support.pagefactory.DefaultElementLocator.findElement(DefaultElementLocator.java:70)
at org.openqa.selenium.support.pagefactory.internal.LocatingElementHandler.invoke(LocatingElementHandler.java:39)
at jdk.proxy2/jdk.proxy2.$Proxy15.click(Unknown Source)
at page.Contact3.signin(Contact3.java:108)
at page.Sign_upp.register(Sign_upp.java:17)
at java.base/java.util.ArrayList.forEach(ArrayList.java:1511)
... Removed 31 stack frames]]>
    </failure>
  </testcase> <!-- register -->
  <testcase classname="page.Sign_upp" name="register" time="5.846">
    <failure type="org.openqa.selenium.WebDriverException" message="unknown error: cannot determine loading status
from disconnected: received Inspector.detached event
  (Session info: chrome=105.0.5195.127)
Build info: version: &amp;apos;4.4.0&amp;apos;, revision: &amp;apos;e5c75ed026a&amp;apos;
System info: host: &amp;apos;QT-INBG-LT0414&amp;apos;, ip: &amp;apos;10.20.15.63&amp;apos;, os.name: &amp;apos;Windows 10&amp;apos;, os.arch: &amp;apos;amd64&amp;apos;, os.version: &amp;apos;10.0&amp;apos;, java.version: &amp;apos;17.0.4&amp;apos;
Driver info: org.openqa.selenium.chrome.ChromeDriver
Command: [279a984df9a0fedc277b9feadbf64624, get {url=https://mobileworld.banyanpro.com/}]
Capabilities {acceptInsecureCerts: false, browserName: chrome, browserVersion: 105.0.5195.127, chrome: {chromedriverVersion: 105.0.5195.52 (412c95e51883..., userDataDir: C:\Users\KOMATI~1.LAK\AppDa...}, goog:chromeOptions: {debuggerAddress: localhost:56381}, networkConnectionEnabled: false, pageLoadStrategy: normal, platformName: WINDOWS, proxy: Proxy(), se:cdp: ws://localhost:56381/devtoo..., se:cdpVersion: 105.0.5195.127, setWindowRect: true, strictFileInteractability: false, timeouts: {implicit: 0, pageLoad: 300000, script: 30000}, unhandledPromptBehavior: dismiss and notify, webauthn:extension:credBlob: true, webauthn:extension:largeBlob: true, webauthn:virtualAuthenticators: true}
Session ID: 279a984df9a0fedc277b9feadbf64624">
      <![CDATA[org.openqa.selenium.WebDriverException: unknown error: cannot determine loading status
from disconnected: received Inspector.detached event
  (Session info: chrome=105.0.5195.127)
Build info: version: '4.4.0', revision: 'e5c75ed026a'
System info: host: 'QT-INBG-LT0414', ip: '10.20.15.63', os.name: 'Windows 10', os.arch: 'amd64', os.version: '10.0', java.version: '17.0.4'
Driver info: org.openqa.selenium.chrome.ChromeDriver
Command: [279a984df9a0fedc277b9feadbf64624, get {url=https://mobileworld.banyanpro.com/}]
Capabilities {acceptInsecureCerts: false, browserName: chrome, browserVersion: 105.0.5195.127, chrome: {chromedriverVersion: 105.0.5195.52 (412c95e51883..., userDataDir: C:\Users\KOMATI~1.LAK\AppDa...}, goog:chromeOptions: {debuggerAddress: localhost:56381}, networkConnectionEnabled: false, pageLoadStrategy: normal, platformName: WINDOWS, proxy: Proxy(), se:cdp: ws://localhost:56381/devtoo..., se:cdpVersion: 105.0.5195.127, setWindowRect: true, strictFileInteractability: false, timeouts: {implicit: 0, pageLoad: 300000, script: 30000}, unhandledPromptBehavior: dismiss and notify, webauthn:extension:credBlob: true, webauthn:extension:largeBlob: true, webauthn:virtualAuthenticators: true}
Session ID: 279a984df9a0fedc277b9feadbf64624
at org.openqa.selenium.remote.codec.w3c.W3CHttpResponseCodec.createException(W3CHttpResponseCodec.java:200)
at org.openqa.selenium.remote.codec.w3c.W3CHttpResponseCodec.decode(W3CHttpResponseCodec.java:133)
at org.openqa.selenium.remote.codec.w3c.W3CHttpResponseCodec.decode(W3CHttpResponseCodec.java:53)
at org.openqa.selenium.remote.HttpCommandExecutor.execute(HttpCommandExecutor.java:184)
at org.openqa.selenium.remote.service.DriverCommandExecutor.invokeExecute(DriverCommandExecutor.java:167)
at org.openqa.selenium.remote.service.DriverCommandExecutor.execute(DriverCommandExecutor.java:142)
at org.openqa.selenium.remote.RemoteWebDriver.execute(RemoteWebDriver.java:547)
at org.openqa.selenium.remote.RemoteWebDriver.get(RemoteWebDriver.java:310)
at page.Contact3.recv(Contact3.java:104)
at page.Sign_upp.register(Sign_upp.java:16)
at java.base/java.util.ArrayList.forEach(ArrayList.java:1511)
... Removed 31 stack frames]]>
    </failure>
  </testcase> <!-- register -->
  <testcase classname="page.Sign_upp" name="register" time="10.271"/>
  <testcase classname="page.Sign_upp" name="register" time="8.159">
    <failure type="org.openqa.selenium.SessionNotCreatedException" message="Could not start a new session. Response code 500. Message: unknown error: Chrome failed to start: exited normally.
  (chrome not reachable)
  (The process started from chrome location C:\Program Files\Google\Chrome\Application\chrome.exe is no longer running, so ChromeDriver is assuming that Chrome has crashed.)
Build info: version: &amp;apos;4.4.0&amp;apos;, revision: &amp;apos;e5c75ed026a&amp;apos;
System info: host: &amp;apos;QT-INBG-LT0414&amp;apos;, ip: &amp;apos;10.20.15.63&amp;apos;, os.name: &amp;apos;Windows 10&amp;apos;, os.arch: &amp;apos;amd64&amp;apos;, os.version: &amp;apos;10.0&amp;apos;, java.version: &amp;apos;17.0.4&amp;apos;
Driver info: org.openqa.selenium.chrome.ChromeDriver
Command: [null, newSession {capabilities=[Capabilities {browserName: chrome, goog:chromeOptions: {args: [], extensions: []}}], desiredCapabilities=Capabilities {browserName: chrome, goog:chromeOptions: {args: [], extensions: []}}}]">
      <![CDATA[org.openqa.selenium.SessionNotCreatedException: Could not start a new session. Response code 500. Message: unknown error: Chrome failed to start: exited normally.
  (chrome not reachable)
  (The process started from chrome location C:\Program Files\Google\Chrome\Application\chrome.exe is no longer running, so ChromeDriver is assuming that Chrome has crashed.)
Build info: version: '4.4.0', revision: 'e5c75ed026a'
System info: host: 'QT-INBG-LT0414', ip: '10.20.15.63', os.name: 'Windows 10', os.arch: 'amd64', os.version: '10.0', java.version: '17.0.4'
Driver info: org.openqa.selenium.chrome.ChromeDriver
Command: [null, newSession {capabilities=[Capabilities {browserName: chrome, goog:chromeOptions: {args: [], extensions: []}}], desiredCapabilities=Capabilities {browserName: chrome, goog:chromeOptions: {args: [], extensions: []}}}]
at org.openqa.selenium.remote.ProtocolHandshake.createSession(ProtocolHandshake.java:144)
at org.openqa.selenium.remote.ProtocolHandshake.createSession(ProtocolHandshake.java:102)
at org.openqa.selenium.remote.ProtocolHandshake.createSession(ProtocolHandshake.java:67)
at org.openqa.selenium.remote.HttpCommandExecutor.execute(HttpCommandExecutor.java:156)
at org.openqa.selenium.remote.service.DriverCommandExecutor.invokeExecute(DriverCommandExecutor.java:167)
at org.openqa.selenium.remote.service.DriverCommandExecutor.execute(DriverCommandExecutor.java:142)
at org.openqa.selenium.remote.RemoteWebDriver.execute(RemoteWebDriver.java:547)
at org.openqa.selenium.remote.RemoteWebDriver.startSession(RemoteWebDriver.java:242)
at org.openqa.selenium.remote.RemoteWebDriver.<init>(RemoteWebDriver.java:157)
at org.openqa.selenium.chromium.ChromiumDriver.<init>(ChromiumDriver.java:101)
at org.openqa.selenium.chrome.ChromeDriver.<init>(ChromeDriver.java:81)
at org.openqa.selenium.chrome.ChromeDriver.<init>(ChromeDriver.java:49)
at page.Sign_upp.register(Sign_upp.java:13)
at java.base/java.util.ArrayList.forEach(ArrayList.java:1511)
... Removed 26 stack frames]]>
    </failure>
  </testcase> <!-- register -->
  <testcase classname="page.Sign_upp" name="register" time="11.006"/>
  <testcase classname="page.Sign_upp" name="register" time="6.985"/>
  <testcase classname="page.sign_inn" name="login" time="5.834"/>
  <testcase classname="page.sign_inn" name="login" time="5.884"/>
  <testcase classname="page.sign_inn" name="login" time="6.239"/>
  <testcase classname="page.sign_inn" name="login" time="7.759"/>
  <testcase classname="page.sign_inn" name="login" time="8.022"/>
  <testcase classname="page.Contact1" name="login" time="7.958"/>
  <testcase classname="page.Contact1" name="login" time="10.054"/>
  <testcase classname="page.Contact1" name="login" time="10.528"/>
  <testcase classname="page.Contact1" name="login" time="12.976"/>
  <testcase classname="page.Contact1" name="login" time="10.838"/>
  <testcase classname="page.Contact1" name="login" time="10.036"/>
  <testcase classname="page.Contact1" name="login" time="12.18"/>
  <testcase classname="page.Contact1" name="login" time="12.069"/>
  <testcase classname="page.Contact1" name="login" time="12.492"/>
  <testcase classname="page.Contact1" name="login" time="12.61"/>
  <testcase classname="page.Contact1" name="login" time="6.337">
    <failure type="org.openqa.selenium.WebDriverException" message="unknown error: cannot determine loading status
from disconnected: Unable to receive message from renderer
  (Session info: chrome=105.0.5195.127)
Build info: version: &amp;apos;4.4.0&amp;apos;, revision: &amp;apos;e5c75ed026a&amp;apos;
System info: host: &amp;apos;QT-INBG-LT0414&amp;apos;, ip: &amp;apos;10.20.15.63&amp;apos;, os.name: &amp;apos;Windows 10&amp;apos;, os.arch: &amp;apos;amd64&amp;apos;, os.version: &amp;apos;10.0&amp;apos;, java.version: &amp;apos;17.0.4&amp;apos;
Driver info: org.openqa.selenium.chrome.ChromeDriver
Command: [1a54456f48d6bb5a139ff2d25427d61c, get {url=https://mobileworld.banyanpro.com/}]
Capabilities {acceptInsecureCerts: false, browserName: chrome, browserVersion: 105.0.5195.127, chrome: {chromedriverVersion: 105.0.5195.52 (412c95e51883..., userDataDir: C:\Users\KOMATI~1.LAK\AppDa...}, goog:chromeOptions: {debuggerAddress: localhost:57300}, networkConnectionEnabled: false, pageLoadStrategy: normal, platformName: WINDOWS, proxy: Proxy(), se:cdp: ws://localhost:57300/devtoo..., se:cdpVersion: 105.0.5195.127, setWindowRect: true, strictFileInteractability: false, timeouts: {implicit: 0, pageLoad: 300000, script: 30000}, unhandledPromptBehavior: dismiss and notify, webauthn:extension:credBlob: true, webauthn:extension:largeBlob: true, webauthn:virtualAuthenticators: true}
Session ID: 1a54456f48d6bb5a139ff2d25427d61c">
      <![CDATA[org.openqa.selenium.WebDriverException: unknown error: cannot determine loading status
from disconnected: Unable to receive message from renderer
  (Session info: chrome=105.0.5195.127)
Build info: version: '4.4.0', revision: 'e5c75ed026a'
System info: host: 'QT-INBG-LT0414', ip: '10.20.15.63', os.name: 'Windows 10', os.arch: 'amd64', os.version: '10.0', java.version: '17.0.4'
Driver info: org.openqa.selenium.chrome.ChromeDriver
Command: [1a54456f48d6bb5a139ff2d25427d61c, get {url=https://mobileworld.banyanpro.com/}]
Capabilities {acceptInsecureCerts: false, browserName: chrome, browserVersion: 105.0.5195.127, chrome: {chromedriverVersion: 105.0.5195.52 (412c95e51883..., userDataDir: C:\Users\KOMATI~1.LAK\AppDa...}, goog:chromeOptions: {debuggerAddress: localhost:57300}, networkConnectionEnabled: false, pageLoadStrategy: normal, platformName: WINDOWS, proxy: Proxy(), se:cdp: ws://localhost:57300/devtoo..., se:cdpVersion: 105.0.5195.127, setWindowRect: true, strictFileInteractability: false, timeouts: {implicit: 0, pageLoad: 300000, script: 30000}, unhandledPromptBehavior: dismiss and notify, webauthn:extension:credBlob: true, webauthn:extension:largeBlob: true, webauthn:virtualAuthenticators: true}
Session ID: 1a54456f48d6bb5a139ff2d25427d61c
at org.openqa.selenium.remote.codec.w3c.W3CHttpResponseCodec.createException(W3CHttpResponseCodec.java:200)
at org.openqa.selenium.remote.codec.w3c.W3CHttpResponseCodec.decode(W3CHttpResponseCodec.java:133)
at org.openqa.selenium.remote.codec.w3c.W3CHttpResponseCodec.decode(W3CHttpResponseCodec.java:53)
at org.openqa.selenium.remote.HttpCommandExecutor.execute(HttpCommandExecutor.java:184)
at org.openqa.selenium.remote.service.DriverCommandExecutor.invokeExecute(DriverCommandExecutor.java:167)
at org.openqa.selenium.remote.service.DriverCommandExecutor.execute(DriverCommandExecutor.java:142)
at org.openqa.selenium.remote.RemoteWebDriver.execute(RemoteWebDriver.java:547)
at org.openqa.selenium.remote.RemoteWebDriver.get(RemoteWebDriver.java:310)
at page.Contact3.move(Contact3.java:66)
at page.Contact1.login(Contact1.java:16)
at java.base/java.util.ArrayList.forEach(ArrayList.java:1511)
... Removed 32 stack frames]]>
    </failure>
  </testcase> <!-- login -->
  <testcase classname="page.Contact1" name="login" time="16.992"/>
  <testcase classname="page.Contact1" name="login" time="11.255"/>
</testsuite> <!-- automation -->
