<html>
<head>
<title>TestNG:  automation</title>
<link href="../testng.css" rel="stylesheet" type="text/css" />
<link href="../my-testng.css" rel="stylesheet" type="text/css" />

<style type="text/css">
.log { display: none;} 
.stack-trace { display: none;} 
</style>
<script type="text/javascript">
<!--
function flip(e) {
  current = e.style.display;
  if (current == 'block') {
    e.style.display = 'none';
    return 0;
  }
  else {
    e.style.display = 'block';
    return 1;
  }
}

function toggleBox(szDivId, elem, msg1, msg2)
{
  var res = -1;  if (document.getElementById) {
    res = flip(document.getElementById(szDivId));
  }
  else if (document.all) {
    // this is the way old msie versions work
    res = flip(document.all[szDivId]);
  }
  if(elem) {
    if(res == 0) elem.innerHTML = msg1; else elem.innerHTML = msg2;
  }

}

function toggleAllBoxes() {
  if (document.getElementsByTagName) {
    d = document.getElementsByTagName('div');
    for (i = 0; i < d.length; i++) {
      if (d[i].className == 'log') {
        flip(d[i]);
      }
    }
  }
}

// -->
</script>

</head>
<body>
<h2 align='center'>automation</h2><table border='1' align="center">
<tr>
<td>Tests passed/Failed/Skipped:</td><td>76/5/0</td>
</tr><tr>
<td>Started on:</td><td>Mon Sep 19 16:36:33 IST 2022</td>
</tr>
<tr><td>Total time:</td><td>601 seconds (601364 ms)</td>
</tr><tr>
<td>Included groups:</td><td></td>
</tr><tr>
<td>Excluded groups:</td><td></td>
</tr>
</table><p/>
<small><i>(Hover the method name to see the test class name)</i></small><p/>
<table width='100%' border='1' class='invocation-failed'>
<tr><td colspan='4' align='center'><b>FAILED TESTS</b></td></tr>
<tr><td><b>Test method</b></td>
<td width="30%"><b>Exception</b></td>
<td width="10%"><b>Time (seconds)</b></td>
<td><b>Instance</b></td>
</tr>
<tr>
<td title='page.Sign_upp.register()'><b>register</b><br>Test class: page.Sign_upp<br>Parameters: komatineni, lakshmi, lucky@gmail.com, lakhm123i, 11/11/1999, 961848459, luncky hello</td>
<td><div><pre>org.openqa.selenium.WebDriverException: unknown error: cannot determine loading status
from disconnected: received Inspector.detached event
  (Session info: chrome=105.0.5195.127)
Build info: version: &apos;4.4.0&apos;, revision: &apos;e5c75ed026a&apos;
System info: host: &apos;QT-INBG-LT0414&apos;, ip: &apos;10.20.15.63&apos;, os.name: &apos;Windows 10&apos;, os.arch: &apos;amd64&apos;, os.version: &apos;10.0&apos;, java.version: &apos;17.0.4&apos;
Driver info: org.openqa.selenium.chrome.ChromeDriver
Command: [279a984df9a0fedc277b9feadbf64624, get {url=https://mobileworld.banyanpro.com/}]
Capabilities {acceptInsecureCerts: false, browserName: chrome, browserVersion: 105.0.5195.127, chrome: {chromedriverVersion: 105.0.5195.52 (412c95e51883..., userDataDir: C:\Users\KOMATI~1.LAK\AppDa...}, goog:chromeOptions: {debuggerAddress: localhost:56381}, networkConnectionEnabled: false, pageLoadStrategy: normal, platformName: WINDOWS, proxy: Proxy(), se:cdp: ws://localhost:56381/devtoo..., se:cdpVersion: 105.0.5195.127, setWindowRect: true, strictFileInteractability: false, timeouts: {implicit: 0, pageLoad: 300000, script: 30000}, unhandledPromptBehavior: dismiss and notify, webauthn:extension:credBlob: true, webauthn:extension:largeBlob: true, webauthn:virtualAuthenticators: true}
Session ID: 279a984df9a0fedc277b9feadbf64624
	at org.openqa.selenium.remote.codec.w3c.W3CHttpResponseCodec.createException(W3CHttpResponseCodec.java:200)
	at org.openqa.selenium.remote.codec.w3c.W3CHttpResponseCodec.decode(W3CHttpResponseCodec.java:133)
	at org.openqa.selenium.remote.codec.w3c.W3CHttpResponseCodec.decode(W3CHttpResponseCodec.java:53)
	at org.openqa.selenium.remote.HttpCommandExecutor.execute(HttpCommandExecutor.java:184)
	at org.openqa.selenium.remote.service.DriverCommandExecutor.invokeExecute(DriverCommandExecutor.java:167)
	at org.openqa.selenium.remote.service.DriverCommandExecutor.execute(DriverCommandExecutor.java:142)
	at org.openqa.selenium.remote.RemoteWebDriver.execute(RemoteWebDriver.java:547)
	at org.openqa.selenium.remote.RemoteWebDriver.get(RemoteWebDriver.java:310)
	at page.Contact3.recv(Contact3.java:104)
	at page.Sign_upp.register(Sign_upp.java:16)
	at java.base/java.util.ArrayList.forEach(ArrayList.java:1511)
... Removed 31 stack frames</pre></div><a href='#' onClick='toggleBox("stack-trace1011923463", this, "Click to show all stack frames", "Click to hide stack frames")'>Click to show all stack frames</a>
<div class='stack-trace' id='stack-trace1011923463'><pre>org.openqa.selenium.WebDriverException: unknown error: cannot determine loading status
from disconnected: received Inspector.detached event
  (Session info: chrome=105.0.5195.127)
Build info: version: &apos;4.4.0&apos;, revision: &apos;e5c75ed026a&apos;
System info: host: &apos;QT-INBG-LT0414&apos;, ip: &apos;10.20.15.63&apos;, os.name: &apos;Windows 10&apos;, os.arch: &apos;amd64&apos;, os.version: &apos;10.0&apos;, java.version: &apos;17.0.4&apos;
Driver info: org.openqa.selenium.chrome.ChromeDriver
Command: [279a984df9a0fedc277b9feadbf64624, get {url=https://mobileworld.banyanpro.com/}]
Capabilities {acceptInsecureCerts: false, browserName: chrome, browserVersion: 105.0.5195.127, chrome: {chromedriverVersion: 105.0.5195.52 (412c95e51883..., userDataDir: C:\Users\KOMATI~1.LAK\AppDa...}, goog:chromeOptions: {debuggerAddress: localhost:56381}, networkConnectionEnabled: false, pageLoadStrategy: normal, platformName: WINDOWS, proxy: Proxy(), se:cdp: ws://localhost:56381/devtoo..., se:cdpVersion: 105.0.5195.127, setWindowRect: true, strictFileInteractability: false, timeouts: {implicit: 0, pageLoad: 300000, script: 30000}, unhandledPromptBehavior: dismiss and notify, webauthn:extension:credBlob: true, webauthn:extension:largeBlob: true, webauthn:virtualAuthenticators: true}
Session ID: 279a984df9a0fedc277b9feadbf64624
	at java.base/jdk.internal.reflect.NativeConstructorAccessorImpl.newInstance0(Native Method)
	at java.base/jdk.internal.reflect.NativeConstructorAccessorImpl.newInstance(NativeConstructorAccessorImpl.java:77)
	at java.base/jdk.internal.reflect.DelegatingConstructorAccessorImpl.newInstance(DelegatingConstructorAccessorImpl.java:45)
	at java.base/java.lang.reflect.Constructor.newInstanceWithCaller(Constructor.java:499)
	at java.base/java.lang.reflect.Constructor.newInstance(Constructor.java:480)
	at org.openqa.selenium.remote.codec.w3c.W3CHttpResponseCodec.createException(W3CHttpResponseCodec.java:200)
	at org.openqa.selenium.remote.codec.w3c.W3CHttpResponseCodec.decode(W3CHttpResponseCodec.java:133)
	at org.openqa.selenium.remote.codec.w3c.W3CHttpResponseCodec.decode(W3CHttpResponseCodec.java:53)
	at org.openqa.selenium.remote.HttpCommandExecutor.execute(HttpCommandExecutor.java:184)
	at org.openqa.selenium.remote.service.DriverCommandExecutor.invokeExecute(DriverCommandExecutor.java:167)
	at org.openqa.selenium.remote.service.DriverCommandExecutor.execute(DriverCommandExecutor.java:142)
	at org.openqa.selenium.remote.RemoteWebDriver.execute(RemoteWebDriver.java:547)
	at org.openqa.selenium.remote.RemoteWebDriver.get(RemoteWebDriver.java:310)
	at page.Contact3.recv(Contact3.java:104)
	at page.Sign_upp.register(Sign_upp.java:16)
	at jdk.internal.reflect.GeneratedMethodAccessor4.invoke(Unknown Source)
	at java.base/jdk.internal.reflect.DelegatingMethodAccessorImpl.invoke(DelegatingMethodAccessorImpl.java:43)
	at java.base/java.lang.reflect.Method.invoke(Method.java:568)
	at org.testng.internal.MethodInvocationHelper.invokeMethod(MethodInvocationHelper.java:133)
	at org.testng.internal.TestInvoker.invokeMethod(TestInvoker.java:598)
	at org.testng.internal.TestInvoker.invokeTestMethod(TestInvoker.java:173)
	at org.testng.internal.MethodRunner.runInSequence(MethodRunner.java:46)
	at org.testng.internal.TestInvoker$MethodInvocationAgent.invoke(TestInvoker.java:824)
	at org.testng.internal.TestInvoker.invokeTestMethods(TestInvoker.java:146)
	at org.testng.internal.TestMethodWorker.invokeTestMethods(TestMethodWorker.java:146)
	at org.testng.internal.TestMethodWorker.run(TestMethodWorker.java:128)
	at java.base/java.util.ArrayList.forEach(ArrayList.java:1511)
	at org.testng.TestRunner.privateRun(TestRunner.java:794)
	at org.testng.TestRunner.run(TestRunner.java:596)
	at org.testng.SuiteRunner.runTest(SuiteRunner.java:377)
	at org.testng.SuiteRunner.runSequentially(SuiteRunner.java:371)
	at org.testng.SuiteRunner.privateRun(SuiteRunner.java:332)
	at org.testng.SuiteRunner.run(SuiteRunner.java:276)
	at org.testng.SuiteRunnerWorker.runSuite(SuiteRunnerWorker.java:53)
	at org.testng.SuiteRunnerWorker.run(SuiteRunnerWorker.java:96)
	at org.testng.TestNG.runSuitesSequentially(TestNG.java:1212)
	at org.testng.TestNG.runSuitesLocally(TestNG.java:1134)
	at org.testng.TestNG.runSuites(TestNG.java:1063)
	at org.testng.TestNG.run(TestNG.java:1031)
	at org.testng.remote.AbstractRemoteTestNG.run(AbstractRemoteTestNG.java:115)
	at org.testng.remote.RemoteTestNG.initAndRun(RemoteTestNG.java:251)
	at org.testng.remote.RemoteTestNG.main(RemoteTestNG.java:77)
</pre></div></td>
<td>5</td>
<td>page.Sign_upp@7e7be63f</td></tr>
<tr>
<td title='page.Sign_Up.Com()'><b>Com</b><br>Test class: page.Sign_Up<br>Parameters: komatinei, lakshmi,           , lakhm12i, 11/11/1999, 9618484594, luncky hello</td>
<td><div><pre>org.openqa.selenium.NoAlertPresentException: no such alert
  (Session info: chrome=105.0.5195.127)
Build info: version: &apos;4.4.0&apos;, revision: &apos;e5c75ed026a&apos;
System info: host: &apos;QT-INBG-LT0414&apos;, ip: &apos;10.20.15.63&apos;, os.name: &apos;Windows 10&apos;, os.arch: &apos;amd64&apos;, os.version: &apos;10.0&apos;, java.version: &apos;17.0.4&apos;
Driver info: org.openqa.selenium.chrome.ChromeDriver
Command: [90cb9fb9d67d49077afcaf4b459bf5f6, getAlertText {}]
Capabilities {acceptInsecureCerts: false, browserName: chrome, browserVersion: 105.0.5195.127, chrome: {chromedriverVersion: 105.0.5195.52 (412c95e51883..., userDataDir: C:\Users\KOMATI~1.LAK\AppDa...}, goog:chromeOptions: {debuggerAddress: localhost:54680}, networkConnectionEnabled: false, pageLoadStrategy: normal, platformName: WINDOWS, proxy: Proxy(), se:cdp: ws://localhost:54680/devtoo..., se:cdpVersion: 105.0.5195.127, setWindowRect: true, strictFileInteractability: false, timeouts: {implicit: 0, pageLoad: 300000, script: 30000}, unhandledPromptBehavior: dismiss and notify, webauthn:extension:credBlob: true, webauthn:extension:largeBlob: true, webauthn:virtualAuthenticators: true}
Session ID: 90cb9fb9d67d49077afcaf4b459bf5f6
	at org.openqa.selenium.remote.codec.w3c.W3CHttpResponseCodec.createException(W3CHttpResponseCodec.java:200)
	at org.openqa.selenium.remote.codec.w3c.W3CHttpResponseCodec.decode(W3CHttpResponseCodec.java:133)
	at org.openqa.selenium.remote.codec.w3c.W3CHttpResponseCodec.decode(W3CHttpResponseCodec.java:53)
	at org.openqa.selenium.remote.HttpCommandExecutor.execute(HttpCommandExecutor.java:184)
	at org.openqa.selenium.remote.service.DriverCommandExecutor.invokeExecute(DriverCommandExecutor.java:167)
	at org.openqa.selenium.remote.service.DriverCommandExecutor.execute(DriverCommandExecutor.java:142)
	at org.openqa.selenium.remote.RemoteWebDriver.execute(RemoteWebDriver.java:547)
	at org.openqa.selenium.remote.RemoteWebDriver.execute(RemoteWebDriver.java:602)
	at org.openqa.selenium.remote.RemoteWebDriver.execute(RemoteWebDriver.java:606)
	at org.openqa.selenium.remote.RemoteWebDriver$RemoteTargetLocator.alert(RemoteWebDriver.java:1128)
	at page.Sign_Up.Com(Sign_Up.java:29)
	at java.base/java.util.ArrayList.forEach(ArrayList.java:1511)
... Removed 32 stack frames</pre></div><a href='#' onClick='toggleBox("stack-trace774610771", this, "Click to show all stack frames", "Click to hide stack frames")'>Click to show all stack frames</a>
<div class='stack-trace' id='stack-trace774610771'><pre>org.openqa.selenium.NoAlertPresentException: no such alert
  (Session info: chrome=105.0.5195.127)
Build info: version: &apos;4.4.0&apos;, revision: &apos;e5c75ed026a&apos;
System info: host: &apos;QT-INBG-LT0414&apos;, ip: &apos;10.20.15.63&apos;, os.name: &apos;Windows 10&apos;, os.arch: &apos;amd64&apos;, os.version: &apos;10.0&apos;, java.version: &apos;17.0.4&apos;
Driver info: org.openqa.selenium.chrome.ChromeDriver
Command: [90cb9fb9d67d49077afcaf4b459bf5f6, getAlertText {}]
Capabilities {acceptInsecureCerts: false, browserName: chrome, browserVersion: 105.0.5195.127, chrome: {chromedriverVersion: 105.0.5195.52 (412c95e51883..., userDataDir: C:\Users\KOMATI~1.LAK\AppDa...}, goog:chromeOptions: {debuggerAddress: localhost:54680}, networkConnectionEnabled: false, pageLoadStrategy: normal, platformName: WINDOWS, proxy: Proxy(), se:cdp: ws://localhost:54680/devtoo..., se:cdpVersion: 105.0.5195.127, setWindowRect: true, strictFileInteractability: false, timeouts: {implicit: 0, pageLoad: 300000, script: 30000}, unhandledPromptBehavior: dismiss and notify, webauthn:extension:credBlob: true, webauthn:extension:largeBlob: true, webauthn:virtualAuthenticators: true}
Session ID: 90cb9fb9d67d49077afcaf4b459bf5f6
	at java.base/jdk.internal.reflect.NativeConstructorAccessorImpl.newInstance0(Native Method)
	at java.base/jdk.internal.reflect.NativeConstructorAccessorImpl.newInstance(NativeConstructorAccessorImpl.java:77)
	at java.base/jdk.internal.reflect.DelegatingConstructorAccessorImpl.newInstance(DelegatingConstructorAccessorImpl.java:45)
	at java.base/java.lang.reflect.Constructor.newInstanceWithCaller(Constructor.java:499)
	at java.base/java.lang.reflect.Constructor.newInstance(Constructor.java:480)
	at org.openqa.selenium.remote.codec.w3c.W3CHttpResponseCodec.createException(W3CHttpResponseCodec.java:200)
	at org.openqa.selenium.remote.codec.w3c.W3CHttpResponseCodec.decode(W3CHttpResponseCodec.java:133)
	at org.openqa.selenium.remote.codec.w3c.W3CHttpResponseCodec.decode(W3CHttpResponseCodec.java:53)
	at org.openqa.selenium.remote.HttpCommandExecutor.execute(HttpCommandExecutor.java:184)
	at org.openqa.selenium.remote.service.DriverCommandExecutor.invokeExecute(DriverCommandExecutor.java:167)
	at org.openqa.selenium.remote.service.DriverCommandExecutor.execute(DriverCommandExecutor.java:142)
	at org.openqa.selenium.remote.RemoteWebDriver.execute(RemoteWebDriver.java:547)
	at org.openqa.selenium.remote.RemoteWebDriver.execute(RemoteWebDriver.java:602)
	at org.openqa.selenium.remote.RemoteWebDriver.execute(RemoteWebDriver.java:606)
	at org.openqa.selenium.remote.RemoteWebDriver$RemoteTargetLocator.alert(RemoteWebDriver.java:1128)
	at page.Sign_Up.Com(Sign_Up.java:29)
	at java.base/jdk.internal.reflect.NativeMethodAccessorImpl.invoke0(Native Method)
	at java.base/jdk.internal.reflect.NativeMethodAccessorImpl.invoke(NativeMethodAccessorImpl.java:77)
	at java.base/jdk.internal.reflect.DelegatingMethodAccessorImpl.invoke(DelegatingMethodAccessorImpl.java:43)
	at java.base/java.lang.reflect.Method.invoke(Method.java:568)
	at org.testng.internal.MethodInvocationHelper.invokeMethod(MethodInvocationHelper.java:133)
	at org.testng.internal.TestInvoker.invokeMethod(TestInvoker.java:598)
	at org.testng.internal.TestInvoker.invokeTestMethod(TestInvoker.java:173)
	at org.testng.internal.MethodRunner.runInSequence(MethodRunner.java:46)
	at org.testng.internal.TestInvoker$MethodInvocationAgent.invoke(TestInvoker.java:824)
	at org.testng.internal.TestInvoker.invokeTestMethods(TestInvoker.java:146)
	at org.testng.internal.TestMethodWorker.invokeTestMethods(TestMethodWorker.java:146)
	at org.testng.internal.TestMethodWorker.run(TestMethodWorker.java:128)
	at java.base/java.util.ArrayList.forEach(ArrayList.java:1511)
	at org.testng.TestRunner.privateRun(TestRunner.java:794)
	at org.testng.TestRunner.run(TestRunner.java:596)
	at org.testng.SuiteRunner.runTest(SuiteRunner.java:377)
	at org.testng.SuiteRunner.runSequentially(SuiteRunner.java:371)
	at org.testng.SuiteRunner.privateRun(SuiteRunner.java:332)
	at org.testng.SuiteRunner.run(SuiteRunner.java:276)
	at org.testng.SuiteRunnerWorker.runSuite(SuiteRunnerWorker.java:53)
	at org.testng.SuiteRunnerWorker.run(SuiteRunnerWorker.java:96)
	at org.testng.TestNG.runSuitesSequentially(TestNG.java:1212)
	at org.testng.TestNG.runSuitesLocally(TestNG.java:1134)
	at org.testng.TestNG.runSuites(TestNG.java:1063)
	at org.testng.TestNG.run(TestNG.java:1031)
	at org.testng.remote.AbstractRemoteTestNG.run(AbstractRemoteTestNG.java:115)
	at org.testng.remote.RemoteTestNG.initAndRun(RemoteTestNG.java:251)
	at org.testng.remote.RemoteTestNG.main(RemoteTestNG.java:77)
</pre></div></td>
<td>3</td>
<td>page.Sign_Up@3bf9ce3e</td></tr>
<tr>
<td title='page.Contact1.login()'><b>login</b><br>Test class: page.Contact1<br>Parameters: lakshmi, komatineni@gamil, 961848459, hellooo</td>
<td><div><pre>org.openqa.selenium.WebDriverException: unknown error: cannot determine loading status
from disconnected: Unable to receive message from renderer
  (Session info: chrome=105.0.5195.127)
Build info: version: &apos;4.4.0&apos;, revision: &apos;e5c75ed026a&apos;
System info: host: &apos;QT-INBG-LT0414&apos;, ip: &apos;10.20.15.63&apos;, os.name: &apos;Windows 10&apos;, os.arch: &apos;amd64&apos;, os.version: &apos;10.0&apos;, java.version: &apos;17.0.4&apos;
Driver info: org.openqa.selenium.chrome.ChromeDriver
Command: [1a54456f48d6bb5a139ff2d25427d61c, get {url=https://mobileworld.banyanpro.com/}]
Capabilities {acceptInsecureCerts: false, browserName: chrome, browserVersion: 105.0.5195.127, chrome: {chromedriverVersion: 105.0.5195.52 (412c95e51883..., userDataDir: C:\Users\KOMATI~1.LAK\AppDa...}, goog:chromeOptions: {debuggerAddress: localhost:57300}, networkConnectionEnabled: false, pageLoadStrategy: normal, platformName: WINDOWS, proxy: Proxy(), se:cdp: ws://localhost:57300/devtoo..., se:cdpVersion: 105.0.5195.127, setWindowRect: true, strictFileInteractability: false, timeouts: {implicit: 0, pageLoad: 300000, script: 30000}, unhandledPromptBehavior: dismiss and notify, webauthn:extension:credBlob: true, webauthn:extension:largeBlob: true, webauthn:virtualAuthenticators: true}
Session ID: 1a54456f48d6bb5a139ff2d25427d61c
	at org.openqa.selenium.remote.codec.w3c.W3CHttpResponseCodec.createException(W3CHttpResponseCodec.java:200)
	at org.openqa.selenium.remote.codec.w3c.W3CHttpResponseCodec.decode(W3CHttpResponseCodec.java:133)
	at org.openqa.selenium.remote.codec.w3c.W3CHttpResponseCodec.decode(W3CHttpResponseCodec.java:53)
	at org.openqa.selenium.remote.HttpCommandExecutor.execute(HttpCommandExecutor.java:184)
	at org.openqa.selenium.remote.service.DriverCommandExecutor.invokeExecute(DriverCommandExecutor.java:167)
	at org.openqa.selenium.remote.service.DriverCommandExecutor.execute(DriverCommandExecutor.java:142)
	at org.openqa.selenium.remote.RemoteWebDriver.execute(RemoteWebDriver.java:547)
	at org.openqa.selenium.remote.RemoteWebDriver.get(RemoteWebDriver.java:310)
	at page.Contact3.move(Contact3.java:66)
	at page.Contact1.login(Contact1.java:16)
	at java.base/java.util.ArrayList.forEach(ArrayList.java:1511)
... Removed 32 stack frames</pre></div><a href='#' onClick='toggleBox("stack-trace835384913", this, "Click to show all stack frames", "Click to hide stack frames")'>Click to show all stack frames</a>
<div class='stack-trace' id='stack-trace835384913'><pre>org.openqa.selenium.WebDriverException: unknown error: cannot determine loading status
from disconnected: Unable to receive message from renderer
  (Session info: chrome=105.0.5195.127)
Build info: version: &apos;4.4.0&apos;, revision: &apos;e5c75ed026a&apos;
System info: host: &apos;QT-INBG-LT0414&apos;, ip: &apos;10.20.15.63&apos;, os.name: &apos;Windows 10&apos;, os.arch: &apos;amd64&apos;, os.version: &apos;10.0&apos;, java.version: &apos;17.0.4&apos;
Driver info: org.openqa.selenium.chrome.ChromeDriver
Command: [1a54456f48d6bb5a139ff2d25427d61c, get {url=https://mobileworld.banyanpro.com/}]
Capabilities {acceptInsecureCerts: false, browserName: chrome, browserVersion: 105.0.5195.127, chrome: {chromedriverVersion: 105.0.5195.52 (412c95e51883..., userDataDir: C:\Users\KOMATI~1.LAK\AppDa...}, goog:chromeOptions: {debuggerAddress: localhost:57300}, networkConnectionEnabled: false, pageLoadStrategy: normal, platformName: WINDOWS, proxy: Proxy(), se:cdp: ws://localhost:57300/devtoo..., se:cdpVersion: 105.0.5195.127, setWindowRect: true, strictFileInteractability: false, timeouts: {implicit: 0, pageLoad: 300000, script: 30000}, unhandledPromptBehavior: dismiss and notify, webauthn:extension:credBlob: true, webauthn:extension:largeBlob: true, webauthn:virtualAuthenticators: true}
Session ID: 1a54456f48d6bb5a139ff2d25427d61c
	at java.base/jdk.internal.reflect.NativeConstructorAccessorImpl.newInstance0(Native Method)
	at java.base/jdk.internal.reflect.NativeConstructorAccessorImpl.newInstance(NativeConstructorAccessorImpl.java:77)
	at java.base/jdk.internal.reflect.DelegatingConstructorAccessorImpl.newInstance(DelegatingConstructorAccessorImpl.java:45)
	at java.base/java.lang.reflect.Constructor.newInstanceWithCaller(Constructor.java:499)
	at java.base/java.lang.reflect.Constructor.newInstance(Constructor.java:480)
	at org.openqa.selenium.remote.codec.w3c.W3CHttpResponseCodec.createException(W3CHttpResponseCodec.java:200)
	at org.openqa.selenium.remote.codec.w3c.W3CHttpResponseCodec.decode(W3CHttpResponseCodec.java:133)
	at org.openqa.selenium.remote.codec.w3c.W3CHttpResponseCodec.decode(W3CHttpResponseCodec.java:53)
	at org.openqa.selenium.remote.HttpCommandExecutor.execute(HttpCommandExecutor.java:184)
	at org.openqa.selenium.remote.service.DriverCommandExecutor.invokeExecute(DriverCommandExecutor.java:167)
	at org.openqa.selenium.remote.service.DriverCommandExecutor.execute(DriverCommandExecutor.java:142)
	at org.openqa.selenium.remote.RemoteWebDriver.execute(RemoteWebDriver.java:547)
	at org.openqa.selenium.remote.RemoteWebDriver.get(RemoteWebDriver.java:310)
	at page.Contact3.move(Contact3.java:66)
	at page.Contact1.login(Contact1.java:16)
	at java.base/jdk.internal.reflect.NativeMethodAccessorImpl.invoke0(Native Method)
	at java.base/jdk.internal.reflect.NativeMethodAccessorImpl.invoke(NativeMethodAccessorImpl.java:77)
	at java.base/jdk.internal.reflect.DelegatingMethodAccessorImpl.invoke(DelegatingMethodAccessorImpl.java:43)
	at java.base/java.lang.reflect.Method.invoke(Method.java:568)
	at org.testng.internal.MethodInvocationHelper.invokeMethod(MethodInvocationHelper.java:133)
	at org.testng.internal.TestInvoker.invokeMethod(TestInvoker.java:598)
	at org.testng.internal.TestInvoker.invokeTestMethod(TestInvoker.java:173)
	at org.testng.internal.MethodRunner.runInSequence(MethodRunner.java:46)
	at org.testng.internal.TestInvoker$MethodInvocationAgent.invoke(TestInvoker.java:824)
	at org.testng.internal.TestInvoker.invokeTestMethods(TestInvoker.java:146)
	at org.testng.internal.TestMethodWorker.invokeTestMethods(TestMethodWorker.java:146)
	at org.testng.internal.TestMethodWorker.run(TestMethodWorker.java:128)
	at java.base/java.util.ArrayList.forEach(ArrayList.java:1511)
	at org.testng.TestRunner.privateRun(TestRunner.java:794)
	at org.testng.TestRunner.run(TestRunner.java:596)
	at org.testng.SuiteRunner.runTest(SuiteRunner.java:377)
	at org.testng.SuiteRunner.runSequentially(SuiteRunner.java:371)
	at org.testng.SuiteRunner.privateRun(SuiteRunner.java:332)
	at org.testng.SuiteRunner.run(SuiteRunner.java:276)
	at org.testng.SuiteRunnerWorker.runSuite(SuiteRunnerWorker.java:53)
	at org.testng.SuiteRunnerWorker.run(SuiteRunnerWorker.java:96)
	at org.testng.TestNG.runSuitesSequentially(TestNG.java:1212)
	at org.testng.TestNG.runSuitesLocally(TestNG.java:1134)
	at org.testng.TestNG.runSuites(TestNG.java:1063)
	at org.testng.TestNG.run(TestNG.java:1031)
	at org.testng.remote.AbstractRemoteTestNG.run(AbstractRemoteTestNG.java:115)
	at org.testng.remote.RemoteTestNG.initAndRun(RemoteTestNG.java:251)
	at org.testng.remote.RemoteTestNG.main(RemoteTestNG.java:77)
</pre></div></td>
<td>6</td>
<td>page.Contact1@614ca7df</td></tr>
<tr>
<td title='page.Sign_upp.register()'><b>register</b><br>Test class: page.Sign_upp<br>Parameters: komatineni, lakshmi, lucky@gmail.com, lakhm123i, 11/11/1999,           , luncky hello</td>
<td><div><pre>org.openqa.selenium.SessionNotCreatedException: Could not start a new session. Response code 500. Message: unknown error: Chrome failed to start: exited normally.
  (chrome not reachable)
  (The process started from chrome location C:\Program Files\Google\Chrome\Application\chrome.exe is no longer running, so ChromeDriver is assuming that Chrome has crashed.)
Build info: version: &apos;4.4.0&apos;, revision: &apos;e5c75ed026a&apos;
System info: host: &apos;QT-INBG-LT0414&apos;, ip: &apos;10.20.15.63&apos;, os.name: &apos;Windows 10&apos;, os.arch: &apos;amd64&apos;, os.version: &apos;10.0&apos;, java.version: &apos;17.0.4&apos;
Driver info: org.openqa.selenium.chrome.ChromeDriver
Command: [null, newSession {capabilities=[Capabilities {browserName: chrome, goog:chromeOptions: {args: [], extensions: []}}], desiredCapabilities=Capabilities {browserName: chrome, goog:chromeOptions: {args: [], extensions: []}}}]
	at org.openqa.selenium.remote.ProtocolHandshake.createSession(ProtocolHandshake.java:144)
	at org.openqa.selenium.remote.ProtocolHandshake.createSession(ProtocolHandshake.java:102)
	at org.openqa.selenium.remote.ProtocolHandshake.createSession(ProtocolHandshake.java:67)
	at org.openqa.selenium.remote.HttpCommandExecutor.execute(HttpCommandExecutor.java:156)
	at org.openqa.selenium.remote.service.DriverCommandExecutor.invokeExecute(DriverCommandExecutor.java:167)
	at org.openqa.selenium.remote.service.DriverCommandExecutor.execute(DriverCommandExecutor.java:142)
	at org.openqa.selenium.remote.RemoteWebDriver.execute(RemoteWebDriver.java:547)
	at org.openqa.selenium.remote.RemoteWebDriver.startSession(RemoteWebDriver.java:242)
	at org.openqa.selenium.remote.RemoteWebDriver.&lt;init&gt;(RemoteWebDriver.java:157)
	at org.openqa.selenium.chromium.ChromiumDriver.&lt;init&gt;(ChromiumDriver.java:101)
	at org.openqa.selenium.chrome.ChromeDriver.&lt;init&gt;(ChromeDriver.java:81)
	at org.openqa.selenium.chrome.ChromeDriver.&lt;init&gt;(ChromeDriver.java:49)
	at page.Sign_upp.register(Sign_upp.java:13)
	at java.base/java.util.ArrayList.forEach(ArrayList.java:1511)
... Removed 26 stack frames</pre></div><a href='#' onClick='toggleBox("stack-trace1455585471", this, "Click to show all stack frames", "Click to hide stack frames")'>Click to show all stack frames</a>
<div class='stack-trace' id='stack-trace1455585471'><pre>org.openqa.selenium.SessionNotCreatedException: Could not start a new session. Response code 500. Message: unknown error: Chrome failed to start: exited normally.
  (chrome not reachable)
  (The process started from chrome location C:\Program Files\Google\Chrome\Application\chrome.exe is no longer running, so ChromeDriver is assuming that Chrome has crashed.)
Build info: version: &apos;4.4.0&apos;, revision: &apos;e5c75ed026a&apos;
System info: host: &apos;QT-INBG-LT0414&apos;, ip: &apos;10.20.15.63&apos;, os.name: &apos;Windows 10&apos;, os.arch: &apos;amd64&apos;, os.version: &apos;10.0&apos;, java.version: &apos;17.0.4&apos;
Driver info: org.openqa.selenium.chrome.ChromeDriver
Command: [null, newSession {capabilities=[Capabilities {browserName: chrome, goog:chromeOptions: {args: [], extensions: []}}], desiredCapabilities=Capabilities {browserName: chrome, goog:chromeOptions: {args: [], extensions: []}}}]
	at org.openqa.selenium.remote.ProtocolHandshake.createSession(ProtocolHandshake.java:144)
	at org.openqa.selenium.remote.ProtocolHandshake.createSession(ProtocolHandshake.java:102)
	at org.openqa.selenium.remote.ProtocolHandshake.createSession(ProtocolHandshake.java:67)
	at org.openqa.selenium.remote.HttpCommandExecutor.execute(HttpCommandExecutor.java:156)
	at org.openqa.selenium.remote.service.DriverCommandExecutor.invokeExecute(DriverCommandExecutor.java:167)
	at org.openqa.selenium.remote.service.DriverCommandExecutor.execute(DriverCommandExecutor.java:142)
	at org.openqa.selenium.remote.RemoteWebDriver.execute(RemoteWebDriver.java:547)
	at org.openqa.selenium.remote.RemoteWebDriver.startSession(RemoteWebDriver.java:242)
	at org.openqa.selenium.remote.RemoteWebDriver.&lt;init&gt;(RemoteWebDriver.java:157)
	at org.openqa.selenium.chromium.ChromiumDriver.&lt;init&gt;(ChromiumDriver.java:101)
	at org.openqa.selenium.chrome.ChromeDriver.&lt;init&gt;(ChromeDriver.java:81)
	at org.openqa.selenium.chrome.ChromeDriver.&lt;init&gt;(ChromeDriver.java:49)
	at page.Sign_upp.register(Sign_upp.java:13)
	at jdk.internal.reflect.GeneratedMethodAccessor4.invoke(Unknown Source)
	at java.base/jdk.internal.reflect.DelegatingMethodAccessorImpl.invoke(DelegatingMethodAccessorImpl.java:43)
	at java.base/java.lang.reflect.Method.invoke(Method.java:568)
	at org.testng.internal.MethodInvocationHelper.invokeMethod(MethodInvocationHelper.java:133)
	at org.testng.internal.TestInvoker.invokeMethod(TestInvoker.java:598)
	at org.testng.internal.TestInvoker.invokeTestMethod(TestInvoker.java:173)
	at org.testng.internal.MethodRunner.runInSequence(MethodRunner.java:46)
	at org.testng.internal.TestInvoker$MethodInvocationAgent.invoke(TestInvoker.java:824)
	at org.testng.internal.TestInvoker.invokeTestMethods(TestInvoker.java:146)
	at org.testng.internal.TestMethodWorker.invokeTestMethods(TestMethodWorker.java:146)
	at org.testng.internal.TestMethodWorker.run(TestMethodWorker.java:128)
	at java.base/java.util.ArrayList.forEach(ArrayList.java:1511)
	at org.testng.TestRunner.privateRun(TestRunner.java:794)
	at org.testng.TestRunner.run(TestRunner.java:596)
	at org.testng.SuiteRunner.runTest(SuiteRunner.java:377)
	at org.testng.SuiteRunner.runSequentially(SuiteRunner.java:371)
	at org.testng.SuiteRunner.privateRun(SuiteRunner.java:332)
	at org.testng.SuiteRunner.run(SuiteRunner.java:276)
	at org.testng.SuiteRunnerWorker.runSuite(SuiteRunnerWorker.java:53)
	at org.testng.SuiteRunnerWorker.run(SuiteRunnerWorker.java:96)
	at org.testng.TestNG.runSuitesSequentially(TestNG.java:1212)
	at org.testng.TestNG.runSuitesLocally(TestNG.java:1134)
	at org.testng.TestNG.runSuites(TestNG.java:1063)
	at org.testng.TestNG.run(TestNG.java:1031)
	at org.testng.remote.AbstractRemoteTestNG.run(AbstractRemoteTestNG.java:115)
	at org.testng.remote.RemoteTestNG.initAndRun(RemoteTestNG.java:251)
	at org.testng.remote.RemoteTestNG.main(RemoteTestNG.java:77)
</pre></div></td>
<td>8</td>
<td>page.Sign_upp@7e7be63f</td></tr>
<tr>
<td title='page.Sign_upp.register()'><b>register</b><br>Test class: page.Sign_upp<br>Parameters: komatineni, lakshmi, lucky@gmail.com, lakhm123i,         , 9618484594, luncky hello</td>
<td><div><pre>org.openqa.selenium.NoSuchWindowException: no such window: target window already closed
from unknown error: web view not found
  (Session info: chrome=105.0.5195.127)
Build info: version: &apos;4.4.0&apos;, revision: &apos;e5c75ed026a&apos;
System info: host: &apos;QT-INBG-LT0414&apos;, ip: &apos;10.20.15.63&apos;, os.name: &apos;Windows 10&apos;, os.arch: &apos;amd64&apos;, os.version: &apos;10.0&apos;, java.version: &apos;17.0.4&apos;
Driver info: org.openqa.selenium.chrome.ChromeDriver
Command: [52cb1381b3686f748c9703e2c172085f, findElement {using=xpath, value=//*[text()=&apos;SIGN IN&apos;]}]
Capabilities {acceptInsecureCerts: false, browserName: chrome, browserVersion: 105.0.5195.127, chrome: {chromedriverVersion: 105.0.5195.52 (412c95e51883..., userDataDir: C:\Users\KOMATI~1.LAK\AppDa...}, goog:chromeOptions: {debuggerAddress: localhost:56343}, networkConnectionEnabled: false, pageLoadStrategy: normal, platformName: WINDOWS, proxy: Proxy(), se:cdp: ws://localhost:56343/devtoo..., se:cdpVersion: 105.0.5195.127, setWindowRect: true, strictFileInteractability: false, timeouts: {implicit: 0, pageLoad: 300000, script: 30000}, unhandledPromptBehavior: dismiss and notify, webauthn:extension:credBlob: true, webauthn:extension:largeBlob: true, webauthn:virtualAuthenticators: true}
Session ID: 52cb1381b3686f748c9703e2c172085f
	at org.openqa.selenium.remote.codec.w3c.W3CHttpResponseCodec.createException(W3CHttpResponseCodec.java:200)
	at org.openqa.selenium.remote.codec.w3c.W3CHttpResponseCodec.decode(W3CHttpResponseCodec.java:133)
	at org.openqa.selenium.remote.codec.w3c.W3CHttpResponseCodec.decode(W3CHttpResponseCodec.java:53)
	at org.openqa.selenium.remote.HttpCommandExecutor.execute(HttpCommandExecutor.java:184)
	at org.openqa.selenium.remote.service.DriverCommandExecutor.invokeExecute(DriverCommandExecutor.java:167)
	at org.openqa.selenium.remote.service.DriverCommandExecutor.execute(DriverCommandExecutor.java:142)
	at org.openqa.selenium.remote.RemoteWebDriver.execute(RemoteWebDriver.java:547)
	at org.openqa.selenium.remote.ElementLocation$ElementFinder$2.findElement(ElementLocation.java:162)
	at org.openqa.selenium.remote.ElementLocation.findElement(ElementLocation.java:60)
	at org.openqa.selenium.remote.RemoteWebDriver.findElement(RemoteWebDriver.java:365)
	at org.openqa.selenium.remote.RemoteWebDriver.findElement(RemoteWebDriver.java:357)
	at org.openqa.selenium.support.pagefactory.DefaultElementLocator.findElement(DefaultElementLocator.java:70)
	at org.openqa.selenium.support.pagefactory.internal.LocatingElementHandler.invoke(LocatingElementHandler.java:39)
	at jdk.proxy2/jdk.proxy2.$Proxy15.click(Unknown Source)
	at page.Contact3.signin(Contact3.java:108)
	at page.Sign_upp.register(Sign_upp.java:17)
	at java.base/java.util.ArrayList.forEach(ArrayList.java:1511)
... Removed 31 stack frames</pre></div><a href='#' onClick='toggleBox("stack-trace301617972", this, "Click to show all stack frames", "Click to hide stack frames")'>Click to show all stack frames</a>
<div class='stack-trace' id='stack-trace301617972'><pre>org.openqa.selenium.NoSuchWindowException: no such window: target window already closed
from unknown error: web view not found
  (Session info: chrome=105.0.5195.127)
Build info: version: &apos;4.4.0&apos;, revision: &apos;e5c75ed026a&apos;
System info: host: &apos;QT-INBG-LT0414&apos;, ip: &apos;10.20.15.63&apos;, os.name: &apos;Windows 10&apos;, os.arch: &apos;amd64&apos;, os.version: &apos;10.0&apos;, java.version: &apos;17.0.4&apos;
Driver info: org.openqa.selenium.chrome.ChromeDriver
Command: [52cb1381b3686f748c9703e2c172085f, findElement {using=xpath, value=//*[text()=&apos;SIGN IN&apos;]}]
Capabilities {acceptInsecureCerts: false, browserName: chrome, browserVersion: 105.0.5195.127, chrome: {chromedriverVersion: 105.0.5195.52 (412c95e51883..., userDataDir: C:\Users\KOMATI~1.LAK\AppDa...}, goog:chromeOptions: {debuggerAddress: localhost:56343}, networkConnectionEnabled: false, pageLoadStrategy: normal, platformName: WINDOWS, proxy: Proxy(), se:cdp: ws://localhost:56343/devtoo..., se:cdpVersion: 105.0.5195.127, setWindowRect: true, strictFileInteractability: false, timeouts: {implicit: 0, pageLoad: 300000, script: 30000}, unhandledPromptBehavior: dismiss and notify, webauthn:extension:credBlob: true, webauthn:extension:largeBlob: true, webauthn:virtualAuthenticators: true}
Session ID: 52cb1381b3686f748c9703e2c172085f
	at java.base/jdk.internal.reflect.NativeConstructorAccessorImpl.newInstance0(Native Method)
	at java.base/jdk.internal.reflect.NativeConstructorAccessorImpl.newInstance(NativeConstructorAccessorImpl.java:77)
	at java.base/jdk.internal.reflect.DelegatingConstructorAccessorImpl.newInstance(DelegatingConstructorAccessorImpl.java:45)
	at java.base/java.lang.reflect.Constructor.newInstanceWithCaller(Constructor.java:499)
	at java.base/java.lang.reflect.Constructor.newInstance(Constructor.java:480)
	at org.openqa.selenium.remote.codec.w3c.W3CHttpResponseCodec.createException(W3CHttpResponseCodec.java:200)
	at org.openqa.selenium.remote.codec.w3c.W3CHttpResponseCodec.decode(W3CHttpResponseCodec.java:133)
	at org.openqa.selenium.remote.codec.w3c.W3CHttpResponseCodec.decode(W3CHttpResponseCodec.java:53)
	at org.openqa.selenium.remote.HttpCommandExecutor.execute(HttpCommandExecutor.java:184)
	at org.openqa.selenium.remote.service.DriverCommandExecutor.invokeExecute(DriverCommandExecutor.java:167)
	at org.openqa.selenium.remote.service.DriverCommandExecutor.execute(DriverCommandExecutor.java:142)
	at org.openqa.selenium.remote.RemoteWebDriver.execute(RemoteWebDriver.java:547)
	at org.openqa.selenium.remote.ElementLocation$ElementFinder$2.findElement(ElementLocation.java:162)
	at org.openqa.selenium.remote.ElementLocation.findElement(ElementLocation.java:60)
	at org.openqa.selenium.remote.RemoteWebDriver.findElement(RemoteWebDriver.java:365)
	at org.openqa.selenium.remote.RemoteWebDriver.findElement(RemoteWebDriver.java:357)
	at org.openqa.selenium.support.pagefactory.DefaultElementLocator.findElement(DefaultElementLocator.java:70)
	at org.openqa.selenium.support.pagefactory.internal.LocatingElementHandler.invoke(LocatingElementHandler.java:39)
	at jdk.proxy2/jdk.proxy2.$Proxy15.click(Unknown Source)
	at page.Contact3.signin(Contact3.java:108)
	at page.Sign_upp.register(Sign_upp.java:17)
	at jdk.internal.reflect.GeneratedMethodAccessor4.invoke(Unknown Source)
	at java.base/jdk.internal.reflect.DelegatingMethodAccessorImpl.invoke(DelegatingMethodAccessorImpl.java:43)
	at java.base/java.lang.reflect.Method.invoke(Method.java:568)
	at org.testng.internal.MethodInvocationHelper.invokeMethod(MethodInvocationHelper.java:133)
	at org.testng.internal.TestInvoker.invokeMethod(TestInvoker.java:598)
	at org.testng.internal.TestInvoker.invokeTestMethod(TestInvoker.java:173)
	at org.testng.internal.MethodRunner.runInSequence(MethodRunner.java:46)
	at org.testng.internal.TestInvoker$MethodInvocationAgent.invoke(TestInvoker.java:824)
	at org.testng.internal.TestInvoker.invokeTestMethods(TestInvoker.java:146)
	at org.testng.internal.TestMethodWorker.invokeTestMethods(TestMethodWorker.java:146)
	at org.testng.internal.TestMethodWorker.run(TestMethodWorker.java:128)
	at java.base/java.util.ArrayList.forEach(ArrayList.java:1511)
	at org.testng.TestRunner.privateRun(TestRunner.java:794)
	at org.testng.TestRunner.run(TestRunner.java:596)
	at org.testng.SuiteRunner.runTest(SuiteRunner.java:377)
	at org.testng.SuiteRunner.runSequentially(SuiteRunner.java:371)
	at org.testng.SuiteRunner.privateRun(SuiteRunner.java:332)
	at org.testng.SuiteRunner.run(SuiteRunner.java:276)
	at org.testng.SuiteRunnerWorker.runSuite(SuiteRunnerWorker.java:53)
	at org.testng.SuiteRunnerWorker.run(SuiteRunnerWorker.java:96)
	at org.testng.TestNG.runSuitesSequentially(TestNG.java:1212)
	at org.testng.TestNG.runSuitesLocally(TestNG.java:1134)
	at org.testng.TestNG.runSuites(TestNG.java:1063)
	at org.testng.TestNG.run(TestNG.java:1031)
	at org.testng.remote.AbstractRemoteTestNG.run(AbstractRemoteTestNG.java:115)
	at org.testng.remote.RemoteTestNG.initAndRun(RemoteTestNG.java:251)
	at org.testng.remote.RemoteTestNG.main(RemoteTestNG.java:77)
</pre></div></td>
<td>6</td>
<td>page.Sign_upp@7e7be63f</td></tr>
</table><p>
<table width='100%' border='1' class='invocation-passed'>
<tr><td colspan='4' align='center'><b>PASSED TESTS</b></td></tr>
<tr><td><b>Test method</b></td>
<td width="30%"><b>Exception</b></td>
<td width="10%"><b>Time (seconds)</b></td>
<td><b>Instance</b></td>
</tr>
<tr>
<td title='page.Sign_upp.register()'><b>register</b><br>Test class: page.Sign_upp<br>Parameters: komatineni, li, lucky@gmail.com, lakhm123i, 11/11/1999, 9618484594, luncky hello</td>
<td></td>
<td>5</td>
<td>page.Sign_upp@7e7be63f</td></tr>
<tr>
<td title='page.Sign_upp.register()'><b>register</b><br>Test class: page.Sign_upp<br>Parameters: komatineni, @@@@@@@@@@@@@@@@@, lucky@gmail.com, lakhm123i, 11/11/1999, 9618484594, luncky hello</td>
<td></td>
<td>5</td>
<td>page.Sign_upp@7e7be63f</td></tr>
<tr>
<td title='page.Sign_Up.Com()'><b>Com</b><br>Test class: page.Sign_Up<br>Parameters: komatinei, lakshmi, lucky@gmail.com, 123456777, 11/11/1999, 9618484594, luncky hello</td>
<td></td>
<td>7</td>
<td>page.Sign_Up@3bf9ce3e</td></tr>
<tr>
<td title='page.Contact1.login()'><b>login</b><br>Test class: page.Contact1<br>Parameters: lakshmi,                , 9618484594, helooo</td>
<td></td>
<td>12</td>
<td>page.Contact1@614ca7df</td></tr>
<tr>
<td title='page.Sign_upp.register()'><b>register</b><br>Test class: page.Sign_upp<br>Parameters: komatineni,              , lucky@gmail.com, lakhm123i, 11/11/1999, 9618484594, luncky hello</td>
<td></td>
<td>4</td>
<td>page.Sign_upp@7e7be63f</td></tr>
<tr>
<td title='page.Contact.login()'><b>login</b><br>Test class: page.Contact<br>Parameters:        , komatineni@gmail.com, 9618484594, helooo</td>
<td></td>
<td>5</td>
<td>page.Contact@5acf93bb</td></tr>
<tr>
<td title='page.Contact.login()'><b>login</b><br>Test class: page.Contact<br>Parameters: la, komatineni@gmail.com, 9618484594, hill</td>
<td></td>
<td>7</td>
<td>page.Contact@5acf93bb</td></tr>
<tr>
<td title='page.Contact1.login()'><b>login</b><br>Test class: page.Contact1<br>Parameters: 11111111111111111, komatineni@gmail.com, 9618484594, helooo</td>
<td></td>
<td>10</td>
<td>page.Contact1@614ca7df</td></tr>
<tr>
<td title='page.Sign_in.signin()'><b>signin</b><br>Test class: page.Sign_in<br>Parameters: lakkkkkkkkkkkkkkkkssssssss, 1111111111</td>
<td></td>
<td>6</td>
<td>page.Sign_in@1a18644</td></tr>
<tr>
<td title='page.Sign_upp.register()'><b>register</b><br>Test class: page.Sign_upp<br>Parameters: @@@@@@@@@@@@@@@@@, lakshmi, lucky@gmail.com, lakhm123i, 11/11/1999, 9618484594, luncky hello</td>
<td></td>
<td>6</td>
<td>page.Sign_upp@7e7be63f</td></tr>
<tr>
<td title='page.Sign_Up.Com()'><b>Com</b><br>Test class: page.Sign_Up<br>Parameters: komatinei, laksmii, lucky@gmail.com, lakhmi123, 11/11/1999, 9618484594,          </td>
<td></td>
<td>7</td>
<td>page.Sign_Up@3bf9ce3e</td></tr>
<tr>
<td title='page.Sign_upp.register()'><b>register</b><br>Test class: page.Sign_upp<br>Parameters:             , lakshmi, lucky@gmail.com, lakhm123i, 11/11/1999, 9618484594, luncky hello</td>
<td></td>
<td>6</td>
<td>page.Sign_upp@7e7be63f</td></tr>
<tr>
<td title='page.Sign_Up.Com()'><b>Com</b><br>Test class: page.Sign_Up<br>Parameters: komatinei, laksmii, lucky@gmail.com, lakhmi123, 11/11/1999, 9618484594, zxcvbnmlkjhgfdsaqwertyuiozxcvbnnnnmlkjhgfdsaqwertyuiozxcvbnmlkjhgfdsaqwertyuiozxcvbnmlkjhgfdsaqwertyuiozxcvbnmlkjhgfdsaqwertyuiozxcvbnmlkjhgfdsaqwertyuiozxcvbnmlkjhgfdaqwertyuiozxcvbnmlkjhgfdsaqwert zxcvbnmlkjhgfdsaqwertyuiozxcvbnmlkjhgfdsaqwertyuiozxcvbnmlkjhgfdsaqwertyuiozxcvbnmlkjhgfdsaqwertyuiozxcvbnmlkjhgfdsaqwertyuiozxcvbnmlkjhgfdsaqwertyuiozxcvbnmlkjhgfdsaqwertyuiozxcvbnmlkjhgfdsaqwertyuzxcvbnmlkjhgfdsaqwertyuiozxcvbnmlkjhgfdsaqwertyuiozxcvbnmlkjhgfdsaqwertyuiozxcvbnmlkjhgfdsaqwertyuiozxcvbnmlkjhgfdsaqwertyuiozxcvbnmlkjhgfdsaqwertyuiozxcvbnmlkjhgfdsaqwertyuiozxcvbnmlkjhgfdsaqwertyuio zxcvbnmlkjhgfdsaqwertyuiozxcvbnmlkjhgfdsaqwertyuiozxcvbnmlkjhgfdsaqwertyuiozxcvbnmlkjhgfdsaqwertyuiozxcvbnmlkjhgfdsaqwertyuiozxcvbnmlkjhgfdsaqwertyuiozxcvbnmlkjhgfdsaqwertyuiozxcvbnmlkjhgfdsaqwezxcvbnmlkjhgfdsaqwertyuiozxcvbnmlkjhgfdsaqwertyuiozxcvbnmlkjhgfdsaqwertyuiozxcvbnmlkjhgfdsaqwertyuiozxcvbnmlkjhgfdsaqwertyuiozxcvbnmlkj</td>
<td></td>
<td>8</td>
<td>page.Sign_Up@3bf9ce3e</td></tr>
<tr>
<td title='page.Sign_upp.register()'><b>register</b><br>Test class: page.Sign_upp<br>Parameters: 111111111111111111, lakshmi, lucky@gmail.com, lakhm123i, 11/11/1999, 9618484594, luncky hello</td>
<td></td>
<td>5</td>
<td>page.Sign_upp@7e7be63f</td></tr>
<tr>
<td title='page.Sign_upp.register()'><b>register</b><br>Test class: page.Sign_upp<br>Parameters: komatineni, lakshmiiiiiiiiiiiiiiiii, lucky@gmail.com, lakhm123i, 11/11/1999, 9618484594, luncky hello</td>
<td></td>
<td>5</td>
<td>page.Sign_upp@7e7be63f</td></tr>
<tr>
<td title='page.sign_inn.login()'><b>login</b><br>Test class: page.sign_inn<br>Parameters:       ,        </td>
<td></td>
<td>8</td>
<td>page.sign_inn@6cd28fa7</td></tr>
<tr>
<td title='page.Sign_in.signin()'><b>signin</b><br>Test class: page.Sign_in<br>Parameters: la, LLLLLLLLLLLL</td>
<td></td>
<td>5</td>
<td>page.Sign_in@1a18644</td></tr>
<tr>
<td title='page.Sign_Up.Com()'><b>Com</b><br>Test class: page.Sign_Up<br>Parameters: komatittttttttttttnEEDDD, laksmi, lucky@gmail.com, 12lakhmi, 11/11/1999, 9618484594, luncky hello</td>
<td></td>
<td>6</td>
<td>page.Sign_Up@3bf9ce3e</td></tr>
<tr>
<td title='page.Contact.login()'><b>login</b><br>Test class: page.Contact<br>Parameters: LLLLLLLLLLLLLLLLLLLLL, komatineni@gmail.com, 9618484594, hill</td>
<td></td>
<td>5</td>
<td>page.Contact@5acf93bb</td></tr>
<tr>
<td title='page.Sign_Up.Com()'><b>Com</b><br>Test class: page.Sign_Up<br>Parameters: komatinei, laksmii, lucky@gmail.com, lakhmi123, 11/11/1999, 9618484594, zxcvbnmlkjhgfdsaqwertyuiozxcvbnnnnmlkjhgfdsaqwertyuiozxcvbnmlkjhgfdsaqwertyuiozxcvbnmlkjhgfdsaqwertyuiozxcvbnmlkjhgfdsaqwertyuiozxcvbnmlkjhgfdsaqwertyuiozxcvbnmlkjhgfdaqwertyuiozxcvbnmlkjhgfdsaqwert zxcvbnmlkjhgfdsaqwertyuiozxcvbnmlkjhgfdsaqwertyuiozxcvbnmlkjhgfdsaqwertyuiozxcvbnmlkjhgfdsaqwertyuiozxcvbnmlkjhgfdsaqwertyuiozxcvbnmlkjhgfdsaqwertyuiozxcvbnmlkjhgfdsaqwertyuiozxcvbnmlkjhgfdsaqwertyuzxcvbnmlkjhgfdsaqwertyuiozxcvbnmlkjhgfdsaqwertyuiozxcvbnmlkjhgfdsaqwertyuiozxcvbnmlkjhgfdsaqwertyuiozxcvbnmlkjhgfdsaqwertyuiozxcvbnmlkjhgfdsaqwertyuiozxcvbnmlkjhgfdsaqwertyuiozxcvbnmlkjhgfdsaqwertyuio zxcvbnmlkjhgfdsaqwertyuiozxcvbnmlkjhgfdsaqwertyuiozxcvbnmlkjhgfdsaqwertyuiozxcvbnmlkjhgfdsaqwertyuiozxcvbnmlkjhgfdsaqwertyuiozxcvbnmlkjhgfdsaqwertyuiozxcvbnmlkjhgfdsaqwertyuiozxcvbnmlkjhgfdsaqwezxcvbnmlkjhgfdsaqwertyuiozxcvbnmlkjhgfdsaqwertyuiozxcvbnmlkjhgfdsaqwertyuiozxcvbnmlkjhgfdsaqwertyuiozxcvbnmlkjhgfdsaqwertyuiozxcvbnmlkjhgfdsaqwertyuio</td>
<td></td>
<td>8</td>
<td>page.Sign_Up@3bf9ce3e</td></tr>
<tr>
<td title='page.Contact.login()'><b>login</b><br>Test class: page.Contact<br>Parameters: lakshmi, komatineni@gamil,         , hellooo</td>
<td></td>
<td>4</td>
<td>page.Contact@5acf93bb</td></tr>
<tr>
<td title='page.Sign_upp.register()'><b>register</b><br>Test class: page.Sign_upp<br>Parameters: komatineni, lakshmi, lucky@gmail, lakhm123i, 11/11/1999, 9618484594, luncky hello</td>
<td></td>
<td>5</td>
<td>page.Sign_upp@7e7be63f</td></tr>
<tr>
<td title='page.Contact1.login()'><b>login</b><br>Test class: page.Contact1<br>Parameters: la, komatineni@gmail.com, 9618484594, hill</td>
<td></td>
<td>10</td>
<td>page.Contact1@614ca7df</td></tr>
<tr>
<td title='page.Sign_Up.Com()'><b>Com</b><br>Test class: page.Sign_Up<br>Parameters: komatinei, ###############, lucky@gmail.com, la12khmi, 11/11/1999, 9618484594, luncky hello</td>
<td></td>
<td>7</td>
<td>page.Sign_Up@3bf9ce3e</td></tr>
<tr>
<td title='page.Sign_Up.Com()'><b>Com</b><br>Test class: page.Sign_Up<br>Parameters: komatinei, laksmii, lucky@gmail, lakhmi12, 11/11/1999, 9618484594, luncky hello</td>
<td></td>
<td>6</td>
<td>page.Sign_Up@3bf9ce3e</td></tr>
<tr>
<td title='page.Contact.login()'><b>login</b><br>Test class: page.Contact<br>Parameters: lakshmi, komatineni@mnk, 9618484594, helooo</td>
<td></td>
<td>5</td>
<td>page.Contact@5acf93bb</td></tr>
<tr>
<td title='page.Sign_upp.register()'><b>register</b><br>Test class: page.Sign_upp<br>Parameters: komatineni, lakshmi, lucky@gmail.com, lakhm123i, 11/11/1999, 9618484594,             </td>
<td></td>
<td>6</td>
<td>page.Sign_upp@7e7be63f</td></tr>
<tr>
<td title='page.Sign_upp.register()'><b>register</b><br>Test class: page.Sign_upp<br>Parameters: komatineni, lakshmi, lucky@gmail.com,              , 11/11/1999, 9618484594, luncky hello</td>
<td></td>
<td>9</td>
<td>page.Sign_upp@7e7be63f</td></tr>
<tr>
<td title='page.Contact1.login()'><b>login</b><br>Test class: page.Contact1<br>Parameters:        , komatineni@gmail.com, 9618484594, helooo</td>
<td></td>
<td>10</td>
<td>page.Contact1@614ca7df</td></tr>
<tr>
<td title='page.Sign_Up.Com()'><b>Com</b><br>Test class: page.Sign_Up<br>Parameters: komatinei, laksmii, lucky@gmail.com, lakhmi123, 11/11/1999, 96188484594, luncky hello</td>
<td></td>
<td>7</td>
<td>page.Sign_Up@3bf9ce3e</td></tr>
<tr>
<td title='page.Sign_upp.register()'><b>register</b><br>Test class: page.Sign_upp<br>Parameters: komatineni, lakshmi, lucky@mn, lakhm123i, 11/11/1999, 9618484594, luncky hello</td>
<td></td>
<td>7</td>
<td>page.Sign_upp@7e7be63f</td></tr>
<tr>
<td title='page.Sign_Up.Com()'><b>Com</b><br>Test class: page.Sign_Up<br>Parameters: komatinei, laksmii, lucky@gmail.com, lakhmi123, 11/11/1999, 961484594, luncky hello</td>
<td></td>
<td>7</td>
<td>page.Sign_Up@3bf9ce3e</td></tr>
<tr>
<td title='page.Sign_upp.register()'><b>register</b><br>Test class: page.Sign_upp<br>Parameters: komatineni, 11111111111111111, lucky@gmail.com, lakhm123i, 11/11/1999, 9618484594, luncky hello</td>
<td></td>
<td>5</td>
<td>page.Sign_upp@7e7be63f</td></tr>
<tr>
<td title='page.Sign_upp.register()'><b>register</b><br>Test class: page.Sign_upp<br>Parameters: komatineni, lakshmi,            , lakhm123i, 11/11/1999, 9618484594, luncky hello</td>
<td></td>
<td>8</td>
<td>page.Sign_upp@7e7be63f</td></tr>
<tr>
<td title='page.Sign_upp.register()'><b>register</b><br>Test class: page.Sign_upp<br>Parameters: komatineni, lakshmi, lucky@gmail.com, lakhm123i, 11/11/1999, 961848459444, luncky hello</td>
<td></td>
<td>10</td>
<td>page.Sign_upp@7e7be63f</td></tr>
<tr>
<td title='page.Contact.login()'><b>login</b><br>Test class: page.Contact<br>Parameters: lakshmi, komatineni@gamil, 961848459,          </td>
<td></td>
<td>4</td>
<td>page.Contact@5acf93bb</td></tr>
<tr>
<td title='page.Contact1.login()'><b>login</b><br>Test class: page.Contact1<br>Parameters: lakshmi, komatineni@mnk, 9618484594, helooo</td>
<td></td>
<td>12</td>
<td>page.Contact1@614ca7df</td></tr>
<tr>
<td title='page.Sign_in.signin()'><b>signin</b><br>Test class: page.Sign_in<br>Parameters: lakshmi,           </td>
<td></td>
<td>6</td>
<td>page.Sign_in@1a18644</td></tr>
<tr>
<td title='page.Sign_in.signin()'><b>signin</b><br>Test class: page.Sign_in<br>Parameters:       ,        </td>
<td></td>
<td>6</td>
<td>page.Sign_in@1a18644</td></tr>
<tr>
<td title='page.Sign_Up.Com()'><b>Com</b><br>Test class: page.Sign_Up<br>Parameters: @@@@@@@@@@@@@@@@, laksmi, lucky@gmail.com, la12khmi, 11/11/1999, 9618484594, luncky hello</td>
<td></td>
<td>6</td>
<td>page.Sign_Up@3bf9ce3e</td></tr>
<tr>
<td title='page.Contact1.login()'><b>login</b><br>Test class: page.Contact1<br>Parameters: lakshmi , komatineni@gmail.com, 961848459994, helooo</td>
<td></td>
<td>12</td>
<td>page.Contact1@614ca7df</td></tr>
<tr>
<td title='page.Sign_Up.Com()'><b>Com</b><br>Test class: page.Sign_Up<br>Parameters: 1111111111111111, laksmi, lucky@gmail.com, 12lakhmi, 11/11/1999, 9618484594, luncky hello</td>
<td></td>
<td>7</td>
<td>page.Sign_Up@3bf9ce3e</td></tr>
<tr>
<td title='page.sign_inn.login()'><b>login</b><br>Test class: page.sign_inn<br>Parameters: lakkkkkkkkkkkkkkkkssssssss, 1111111111</td>
<td></td>
<td>5</td>
<td>page.sign_inn@6cd28fa7</td></tr>
<tr>
<td title='page.Sign_Up.Com()'><b>Com</b><br>Test class: page.Sign_Up<br>Parameters: komatinei, lakshmi, lucky@gmail.com, lakhmiiiii, 11/11/1999, 9618484594, luncky hello</td>
<td></td>
<td>7</td>
<td>page.Sign_Up@3bf9ce3e</td></tr>
<tr>
<td title='page.Contact.login()'><b>login</b><br>Test class: page.Contact<br>Parameters: lakshmi,                , 9618484594, helooo</td>
<td></td>
<td>5</td>
<td>page.Contact@5acf93bb</td></tr>
<tr>
<td title='page.Sign_Up.Com()'><b>Com</b><br>Test class: page.Sign_Up<br>Parameters: komatinei, laksmiiiiiiiiiiiiiiiii, lucky@gmail.com, l12akhmi, 11/11/1999, 9618484594, luncky hello</td>
<td></td>
<td>6</td>
<td>page.Sign_Up@3bf9ce3e</td></tr>
<tr>
<td title='page.Contact.login()'><b>login</b><br>Test class: page.Contact<br>Parameters: lakshmi, komatineni@gamil, 961848459, hellooo</td>
<td></td>
<td>5</td>
<td>page.Contact@5acf93bb</td></tr>
<tr>
<td title='page.Sign_Up.Com()'><b>Com</b><br>Test class: page.Sign_Up<br>Parameters: komatinei, laksmii, lucky@gmail.com, lakhmi123, 11/11/1999,              , luncky hello</td>
<td></td>
<td>6</td>
<td>page.Sign_Up@3bf9ce3e</td></tr>
<tr>
<td title='page.Contact1.login()'><b>login</b><br>Test class: page.Contact1<br>Parameters: lakshmi, komatineni@gamil,         , hellooo</td>
<td></td>
<td>16</td>
<td>page.Contact1@614ca7df</td></tr>
<tr>
<td title='page.Sign_Up.Com()'><b>Com</b><br>Test class: page.Sign_Up<br>Parameters:        , laksmi, lucky@gmail.com, lakhmi12, 11/11/1999, 9618484594, luncky hello</td>
<td></td>
<td>6</td>
<td>page.Sign_Up@3bf9ce3e</td></tr>
<tr>
<td title='page.sign_inn.login()'><b>login</b><br>Test class: page.sign_inn<br>Parameters: la, LLLLLLLLLLLL</td>
<td></td>
<td>5</td>
<td>page.sign_inn@6cd28fa7</td></tr>
<tr>
<td title='page.Contact1.login()'><b>login</b><br>Test class: page.Contact1<br>Parameters: @@@@@@@@@@@@@, komatineni@gmail.com, 9618484594, helooo</td>
<td></td>
<td>12</td>
<td>page.Contact1@614ca7df</td></tr>
<tr>
<td title='page.sign_inn.login()'><b>login</b><br>Test class: page.sign_inn<br>Parameters:       , @@@@@@@@@@@</td>
<td></td>
<td>6</td>
<td>page.sign_inn@6cd28fa7</td></tr>
<tr>
<td title='page.Contact.login()'><b>login</b><br>Test class: page.Contact<br>Parameters: lakshmi, komatineni@gamil, 9618484594, hellooo</td>
<td></td>
<td>4</td>
<td>page.Contact@5acf93bb</td></tr>
<tr>
<td title='page.Sign_upp.register()'><b>register</b><br>Test class: page.Sign_upp<br>Parameters: ko, lakshmi, lucky@gmail.com, lakhm123i, 11/11/1999, 9618484594, luncky hello</td>
<td></td>
<td>4</td>
<td>page.Sign_upp@7e7be63f</td></tr>
<tr>
<td title='page.Sign_Up.Com()'><b>Com</b><br>Test class: page.Sign_Up<br>Parameters: komatinei, 111111111111111, lucky@gmail.com, lakh12mi, 11/11/1999, 9618484594, luncky hello</td>
<td></td>
<td>6</td>
<td>page.Sign_Up@3bf9ce3e</td></tr>
<tr>
<td title='page.Contact1.login()'><b>login</b><br>Test class: page.Contact1<br>Parameters: lakshmi, komatineni@gamil, 961848459,          </td>
<td></td>
<td>11</td>
<td>page.Contact1@614ca7df</td></tr>
<tr>
<td title='page.Sign_in.signin()'><b>signin</b><br>Test class: page.Sign_in<br>Parameters:       , @@@@@@@@@@@</td>
<td></td>
<td>8</td>
<td>page.Sign_in@1a18644</td></tr>
<tr>
<td title='page.Contact1.login()'><b>login</b><br>Test class: page.Contact1<br>Parameters: lakshmi, komatineni@gamil, 9618484594, hellooo</td>
<td></td>
<td>12</td>
<td>page.Contact1@614ca7df</td></tr>
<tr>
<td title='page.Sign_Up.Com()'><b>Com</b><br>Test class: page.Sign_Up<br>Parameters: ko, laksmi, lucky@gmail.com, lakhm123i, 11/11/1999, 9618484594, luncky hello</td>
<td></td>
<td>10</td>
<td>page.Sign_Up@3bf9ce3e</td></tr>
<tr>
<td title='page.Sign_Up.Com()'><b>Com</b><br>Test class: page.Sign_Up<br>Parameters: komatinei,              , lucky@gmail.com, la12khmi, 11/11/1999, 9618484594, luncky hello</td>
<td></td>
<td>8</td>
<td>page.Sign_Up@3bf9ce3e</td></tr>
<tr>
<td title='page.Contact1.login()'><b>login</b><br>Test class: page.Contact1<br>Parameters: lakshmi, komatineni@gmail.com, 9618484594, hello</td>
<td></td>
<td>7</td>
<td>page.Contact1@614ca7df</td></tr>
<tr>
<td title='page.Sign_Up.Com()'><b>Com</b><br>Test class: page.Sign_Up<br>Parameters: komatinei, laksmii, lucky@gmail.com, lakhmi123,           , 9618484594, luncky hello</td>
<td></td>
<td>7</td>
<td>page.Sign_Up@3bf9ce3e</td></tr>
<tr>
<td title='page.Contact.login()'><b>login</b><br>Test class: page.Contact<br>Parameters: lakshmi , komatineni@gmail.com, 961848459994, helooo</td>
<td></td>
<td>4</td>
<td>page.Contact@5acf93bb</td></tr>
<tr>
<td title='page.Contact.login()'><b>login</b><br>Test class: page.Contact<br>Parameters: 11111111111111111, komatineni@gmail.com, 9618484594, helooo</td>
<td></td>
<td>4</td>
<td>page.Contact@5acf93bb</td></tr>
<tr>
<td title='page.Contact1.login()'><b>login</b><br>Test class: page.Contact1<br>Parameters: LLLLLLLLLLLLLLLLLLLLL, komatineni@gmail.com, 9618484594, hill</td>
<td></td>
<td>10</td>
<td>page.Contact1@614ca7df</td></tr>
<tr>
<td title='page.Sign_upp.register()'><b>register</b><br>Test class: page.Sign_upp<br>Parameters: komatineniiiiiiiiiiiiiiiiii, lakshmi, lucky@gmail.com, lakhm123i, 11/11/1999, 9618484594, luncky hello</td>
<td></td>
<td>4</td>
<td>page.Sign_upp@7e7be63f</td></tr>
<tr>
<td title='page.Sign_upp.register()'><b>register</b><br>Test class: page.Sign_upp<br>Parameters: komatineni, lakshmi, lucky@gmail.com, lakhm123i, 11/11/1999, 9618484594, i am lakshmi</td>
<td></td>
<td>11</td>
<td>page.Sign_upp@7e7be63f</td></tr>
<tr>
<td title='page.Sign_Up.Com()'><b>Com</b><br>Test class: page.Sign_Up<br>Parameters: komatineni, la, lucky@gmail.com, lakhm12i, 11/11/1999, 9618484594, luncky hello</td>
<td></td>
<td>6</td>
<td>page.Sign_Up@3bf9ce3e</td></tr>
<tr>
<td title='page.Sign_Up.Com()'><b>Com</b><br>Test class: page.Sign_Up<br>Parameters: komatinei, lakshmi, lucky@mnl, lakh12mi, 11/11/1999, 9618484594, luncky hello</td>
<td></td>
<td>6</td>
<td>page.Sign_Up@3bf9ce3e</td></tr>
<tr>
<td title='page.Sign_upp.register()'><b>register</b><br>Test class: page.Sign_upp<br>Parameters: komatineni, lakshmi, lucky@gmail.com, lakhmmmmm, 11/11/1999, 9618484594, luncky hello</td>
<td></td>
<td>8</td>
<td>page.Sign_upp@7e7be63f</td></tr>
<tr>
<td title='page.sign_inn.login()'><b>login</b><br>Test class: page.sign_inn<br>Parameters: lakshmi,           </td>
<td></td>
<td>7</td>
<td>page.sign_inn@6cd28fa7</td></tr>
<tr>
<td title='page.Contact.login()'><b>login</b><br>Test class: page.Contact<br>Parameters: lakshmi, komatineni@gmail.com, 9618484594, hello</td>
<td></td>
<td>6</td>
<td>page.Contact@5acf93bb</td></tr>
<tr>
<td title='page.Sign_upp.register()'><b>register</b><br>Test class: page.Sign_upp<br>Parameters: komatineni, lakshmi, lucky@gmail.com, 12345679, 11/11/1999, 9618484594, luncky hello</td>
<td></td>
<td>10</td>
<td>page.Sign_upp@7e7be63f</td></tr>
<tr>
<td title='page.Sign_upp.register()'><b>register</b><br>Test class: page.Sign_upp<br>Parameters: komatineni, lakshmi, lucky@gmail.com, lakhm123i, 11/11/1999, 9618484594, luncky hello</td>
<td></td>
<td>4</td>
<td>page.Sign_upp@7e7be63f</td></tr>
<tr>
<td title='page.Contact.login()'><b>login</b><br>Test class: page.Contact<br>Parameters: @@@@@@@@@@@@@, komatineni@gmail.com, 9618484594, helooo</td>
<td></td>
<td>4</td>
<td>page.Contact@5acf93bb</td></tr>
</table><p>
</body>
</html>